Started GET "/" for 127.0.0.1 at 2019-02-28 12:45:26 +0200
Processing by Rails::WelcomeController#index as HTML
  Rendering /home/krelly/.rvm/gems/ruby-2.6.0/gems/railties-5.2.2/lib/rails/templates/rails/welcome/index.html.erb
  Rendered /home/krelly/.rvm/gems/ruby-2.6.0/gems/railties-5.2.2/lib/rails/templates/rails/welcome/index.html.erb (2.7ms)
Completed 200 OK in 13ms (Views: 6.5ms | ActiveRecord: 0.0ms)


  [1m[36mTable Load (0.4ms)[0m  [1m[34mSELECT  "tables".* FROM "tables" ORDER BY "tables"."id" DESC LIMIT ?[0m  [["LIMIT", 1]]
  [1m[35m (0.1ms)[0m  [1m[34mSELECT sqlite_version(*)[0m
  ↳ /home/krelly/.rvm/rubies/ruby-2.6.0/lib/ruby/gems/2.6.0/gems/rake-12.3.2/lib/rake/task.rb:273
  [1m[35m (41.7ms)[0m  [1m[35mCREATE TABLE "schema_migrations" ("version" varchar NOT NULL PRIMARY KEY)[0m
  ↳ /home/krelly/.rvm/rubies/ruby-2.6.0/lib/ruby/gems/2.6.0/gems/rake-12.3.2/lib/rake/task.rb:273
  [1m[35m (45.3ms)[0m  [1m[35mCREATE TABLE "ar_internal_metadata" ("key" varchar NOT NULL PRIMARY KEY, "value" varchar, "created_at" datetime NOT NULL, "updated_at" datetime NOT NULL)[0m
  ↳ /home/krelly/.rvm/rubies/ruby-2.6.0/lib/ruby/gems/2.6.0/gems/rake-12.3.2/lib/rake/task.rb:273
  [1m[35m (0.1ms)[0m  [1m[34mSELECT "schema_migrations"."version" FROM "schema_migrations" ORDER BY "schema_migrations"."version" ASC[0m
  ↳ /home/krelly/.rvm/rubies/ruby-2.6.0/lib/ruby/gems/2.6.0/gems/rake-12.3.2/lib/rake/task.rb:273
Migrating to CreateUsers (20190228104947)
  [1m[35m (0.1ms)[0m  [1m[36mbegin transaction[0m
  ↳ /home/krelly/.rvm/rubies/ruby-2.6.0/lib/ruby/gems/2.6.0/gems/rake-12.3.2/lib/rake/task.rb:273
  [1m[35m (0.3ms)[0m  [1m[35mCREATE TABLE "users" ("id" integer PRIMARY KEY AUTOINCREMENT NOT NULL, "name" varchar, "phone_number" varchar, "created_at" datetime NOT NULL, "updated_at" datetime NOT NULL)[0m
  ↳ db/migrate/20190228104947_create_users.rb:3
  [1m[36mActiveRecord::SchemaMigration Create (0.1ms)[0m  [1m[32mINSERT INTO "schema_migrations" ("version") VALUES (?)[0m  [["version", "20190228104947"]]
  ↳ /home/krelly/.rvm/rubies/ruby-2.6.0/lib/ruby/gems/2.6.0/gems/rake-12.3.2/lib/rake/task.rb:273
  [1m[35m (29.0ms)[0m  [1m[36mcommit transaction[0m
  ↳ /home/krelly/.rvm/rubies/ruby-2.6.0/lib/ruby/gems/2.6.0/gems/rake-12.3.2/lib/rake/task.rb:273
Migrating to CreateReservations (20190228110443)
  [1m[35m (0.1ms)[0m  [1m[36mbegin transaction[0m
  ↳ /home/krelly/.rvm/rubies/ruby-2.6.0/lib/ruby/gems/2.6.0/gems/rake-12.3.2/lib/rake/task.rb:273
  [1m[35m (0.4ms)[0m  [1m[35mCREATE TABLE "reservations" ("id" integer PRIMARY KEY AUTOINCREMENT NOT NULL, "user_id" integer, "table_id" integer, "start" time, "end" time, "created_at" datetime NOT NULL, "updated_at" datetime NOT NULL, CONSTRAINT "fk_rails_48a92fce51"
FOREIGN KEY ("user_id")
  REFERENCES "users" ("id")
, CONSTRAINT "fk_rails_23ce71128d"
FOREIGN KEY ("table_id")
  REFERENCES "tables" ("id")
)[0m
  ↳ db/migrate/20190228110443_create_reservations.rb:3
  [1m[35m (0.1ms)[0m  [1m[35mCREATE  INDEX "index_reservations_on_user_id" ON "reservations" ("user_id")[0m
  ↳ db/migrate/20190228110443_create_reservations.rb:3
  [1m[35m (0.1ms)[0m  [1m[35mCREATE  INDEX "index_reservations_on_table_id" ON "reservations" ("table_id")[0m
  ↳ db/migrate/20190228110443_create_reservations.rb:3
  [1m[36mActiveRecord::SchemaMigration Create (0.1ms)[0m  [1m[32mINSERT INTO "schema_migrations" ("version") VALUES (?)[0m  [["version", "20190228110443"]]
  ↳ /home/krelly/.rvm/rubies/ruby-2.6.0/lib/ruby/gems/2.6.0/gems/rake-12.3.2/lib/rake/task.rb:273
  [1m[35m (20.4ms)[0m  [1m[36mcommit transaction[0m
  ↳ /home/krelly/.rvm/rubies/ruby-2.6.0/lib/ruby/gems/2.6.0/gems/rake-12.3.2/lib/rake/task.rb:273
Migrating to CreateRestaurants (20190228110849)
  [1m[35m (0.1ms)[0m  [1m[36mbegin transaction[0m
  ↳ /home/krelly/.rvm/rubies/ruby-2.6.0/lib/ruby/gems/2.6.0/gems/rake-12.3.2/lib/rake/task.rb:273
  [1m[35m (0.3ms)[0m  [1m[35mCREATE TABLE "restaurants" ("id" integer PRIMARY KEY AUTOINCREMENT NOT NULL, "name" varchar, "opens" time, "closes" time, "created_at" datetime NOT NULL, "updated_at" datetime NOT NULL)[0m
  ↳ db/migrate/20190228110849_create_restaurants.rb:3
  [1m[36mActiveRecord::SchemaMigration Create (0.1ms)[0m  [1m[32mINSERT INTO "schema_migrations" ("version") VALUES (?)[0m  [["version", "20190228110849"]]
  ↳ /home/krelly/.rvm/rubies/ruby-2.6.0/lib/ruby/gems/2.6.0/gems/rake-12.3.2/lib/rake/task.rb:273
  [1m[35m (14.5ms)[0m  [1m[36mcommit transaction[0m
  ↳ /home/krelly/.rvm/rubies/ruby-2.6.0/lib/ruby/gems/2.6.0/gems/rake-12.3.2/lib/rake/task.rb:273
Migrating to CreateTables (20190228111052)
  [1m[35m (0.1ms)[0m  [1m[36mbegin transaction[0m
  ↳ /home/krelly/.rvm/rubies/ruby-2.6.0/lib/ruby/gems/2.6.0/gems/rake-12.3.2/lib/rake/task.rb:273
  [1m[35m (0.3ms)[0m  [1m[35mCREATE TABLE "tables" ("id" integer PRIMARY KEY AUTOINCREMENT NOT NULL, "seats" integer, "number" integer, "restaurant_id" integer, "created_at" datetime NOT NULL, "updated_at" datetime NOT NULL, CONSTRAINT "fk_rails_0700cfe41e"
FOREIGN KEY ("restaurant_id")
  REFERENCES "restaurants" ("id")
)[0m
  ↳ db/migrate/20190228111052_create_tables.rb:3
  [1m[35m (0.1ms)[0m  [1m[35mCREATE  INDEX "index_tables_on_restaurant_id" ON "tables" ("restaurant_id")[0m
  ↳ db/migrate/20190228111052_create_tables.rb:3
  [1m[36mActiveRecord::SchemaMigration Create (0.1ms)[0m  [1m[32mINSERT INTO "schema_migrations" ("version") VALUES (?)[0m  [["version", "20190228111052"]]
  ↳ /home/krelly/.rvm/rubies/ruby-2.6.0/lib/ruby/gems/2.6.0/gems/rake-12.3.2/lib/rake/task.rb:273
  [1m[35m (6.0ms)[0m  [1m[36mcommit transaction[0m
  ↳ /home/krelly/.rvm/rubies/ruby-2.6.0/lib/ruby/gems/2.6.0/gems/rake-12.3.2/lib/rake/task.rb:273
  [1m[36mActiveRecord::InternalMetadata Load (0.1ms)[0m  [1m[34mSELECT  "ar_internal_metadata".* FROM "ar_internal_metadata" WHERE "ar_internal_metadata"."key" = ? LIMIT ?[0m  [["key", "environment"], ["LIMIT", 1]]
  ↳ /home/krelly/.rvm/rubies/ruby-2.6.0/lib/ruby/gems/2.6.0/gems/rake-12.3.2/lib/rake/task.rb:273
  [1m[35m (0.0ms)[0m  [1m[36mbegin transaction[0m
  ↳ /home/krelly/.rvm/rubies/ruby-2.6.0/lib/ruby/gems/2.6.0/gems/rake-12.3.2/lib/rake/task.rb:273
  [1m[36mActiveRecord::InternalMetadata Create (0.3ms)[0m  [1m[32mINSERT INTO "ar_internal_metadata" ("key", "value", "created_at", "updated_at") VALUES (?, ?, ?, ?)[0m  [["key", "environment"], ["value", "development"], ["created_at", "2019-02-28 11:11:09.646591"], ["updated_at", "2019-02-28 11:11:09.646591"]]
  ↳ /home/krelly/.rvm/rubies/ruby-2.6.0/lib/ruby/gems/2.6.0/gems/rake-12.3.2/lib/rake/task.rb:273
  [1m[35m (5.3ms)[0m  [1m[36mcommit transaction[0m
  ↳ /home/krelly/.rvm/rubies/ruby-2.6.0/lib/ruby/gems/2.6.0/gems/rake-12.3.2/lib/rake/task.rb:273
  [1m[35m (0.1ms)[0m  [1m[34mSELECT "schema_migrations"."version" FROM "schema_migrations" ORDER BY "schema_migrations"."version" ASC[0m
  ↳ /home/krelly/.rvm/rubies/ruby-2.6.0/lib/ruby/gems/2.6.0/gems/rake-12.3.2/lib/rake/task.rb:273
  [1m[36mTable Load (0.4ms)[0m  [1m[34mSELECT  "tables".* FROM "tables" ORDER BY "tables"."id" DESC LIMIT ?[0m  [["LIMIT", 1]]
  [1m[36mTable Load (0.2ms)[0m  [1m[34mSELECT  "tables".* FROM "tables" ORDER BY "tables"."id" DESC LIMIT ?[0m  [["LIMIT", 1]]
  [1m[36mTable Load (0.2ms)[0m  [1m[34mSELECT  "tables".* FROM "tables" ORDER BY "tables"."id" DESC LIMIT ?[0m  [["LIMIT", 1]]
  [1m[36mTable Load (0.2ms)[0m  [1m[34mSELECT  "tables".* FROM "tables" ORDER BY "tables"."id" DESC LIMIT ?[0m  [["LIMIT", 1]]
  [1m[36mTable Load (0.2ms)[0m  [1m[34mSELECT  "tables".* FROM "tables" ORDER BY "tables"."id" DESC LIMIT ?[0m  [["LIMIT", 1]]
  [1m[36mUser Load (0.2ms)[0m  [1m[34mSELECT  "users".* FROM "users" ORDER BY "users"."id" DESC LIMIT ?[0m  [["LIMIT", 1]]
  [1m[35m (0.2ms)[0m  [1m[36mbegin transaction[0m
  [1m[36mUser Create (0.3ms)[0m  [1m[32mINSERT INTO "users" ("name", "phone_number", "created_at", "updated_at") VALUES (?, ?, ?, ?)[0m  [["name", "John Doe"], ["phone_number", "999-999-999"], ["created_at", "2019-02-28 11:15:46.257967"], ["updated_at", "2019-02-28 11:15:46.257967"]]
  [1m[35m (6.1ms)[0m  [1m[36mcommit transaction[0m
  [1m[36mUser Load (0.2ms)[0m  [1m[34mSELECT  "users".* FROM "users" ORDER BY "users"."id" DESC LIMIT ?[0m  [["LIMIT", 1]]
  [1m[36mUser Load (0.3ms)[0m  [1m[34mSELECT  "users".* FROM "users" ORDER BY "users"."id" DESC LIMIT ?[0m  [["LIMIT", 1]]
  [1m[36mReservation Load (0.3ms)[0m  [1m[34mSELECT  "reservations".* FROM "reservations" WHERE "reservations"."user_id" = ? LIMIT ?[0m  [["user_id", 1], ["LIMIT", 11]]
  [1m[35m (0.1ms)[0m  [1m[36mbegin transaction[0m
  [1m[36mRestaurant Create (0.7ms)[0m  [1m[32mINSERT INTO "restaurants" ("name", "opens", "closes", "created_at", "updated_at") VALUES (?, ?, ?, ?, ?)[0m  [["name", "Noma"], ["opens", "2000-01-01 09:00:00"], ["closes", "2000-01-01 23:00:00"], ["created_at", "2019-02-28 11:19:21.570691"], ["updated_at", "2019-02-28 11:19:21.570691"]]
  [1m[35m (8.3ms)[0m  [1m[36mcommit transaction[0m
  [1m[36mRestaurant Load (0.4ms)[0m  [1m[34mSELECT  "restaurants".* FROM "restaurants" ORDER BY "restaurants"."id" DESC LIMIT ?[0m  [["LIMIT", 1]]
  [1m[36mTable Load (0.4ms)[0m  [1m[34mSELECT  "tables".* FROM "tables" ORDER BY "tables"."id" DESC LIMIT ?[0m  [["LIMIT", 1]]
Started GET "/reservations" for 127.0.0.1 at 2019-02-28 13:29:27 +0200
  [1m[35m (0.1ms)[0m  [1m[34mSELECT "schema_migrations"."version" FROM "schema_migrations" ORDER BY "schema_migrations"."version" ASC[0m
  ↳ /home/krelly/.rvm/gems/ruby-2.6.0/gems/activerecord-5.2.2/lib/active_record/log_subscriber.rb:98
  
ActiveRecord::PendingMigrationError (

Migrations are pending. To resolve this issue, run:

        bin/rails db:migrate RAILS_ENV=development

):
  
activerecord (5.2.2) lib/active_record/migration.rb:579:in `check_pending!'
activerecord (5.2.2) lib/active_record/migration.rb:556:in `call'
actionpack (5.2.2) lib/action_dispatch/middleware/callbacks.rb:28:in `block in call'
activesupport (5.2.2) lib/active_support/callbacks.rb:98:in `run_callbacks'
actionpack (5.2.2) lib/action_dispatch/middleware/callbacks.rb:26:in `call'
actionpack (5.2.2) lib/action_dispatch/middleware/executor.rb:14:in `call'
actionpack (5.2.2) lib/action_dispatch/middleware/debug_exceptions.rb:61:in `call'
web-console (3.7.0) lib/web_console/middleware.rb:135:in `call_app'
web-console (3.7.0) lib/web_console/middleware.rb:30:in `block in call'
web-console (3.7.0) lib/web_console/middleware.rb:20:in `catch'
web-console (3.7.0) lib/web_console/middleware.rb:20:in `call'
actionpack (5.2.2) lib/action_dispatch/middleware/show_exceptions.rb:33:in `call'
railties (5.2.2) lib/rails/rack/logger.rb:38:in `call_app'
railties (5.2.2) lib/rails/rack/logger.rb:26:in `block in call'
activesupport (5.2.2) lib/active_support/tagged_logging.rb:71:in `block in tagged'
activesupport (5.2.2) lib/active_support/tagged_logging.rb:28:in `tagged'
activesupport (5.2.2) lib/active_support/tagged_logging.rb:71:in `tagged'
railties (5.2.2) lib/rails/rack/logger.rb:26:in `call'
sprockets-rails (3.2.1) lib/sprockets/rails/quiet_assets.rb:13:in `call'
actionpack (5.2.2) lib/action_dispatch/middleware/remote_ip.rb:81:in `call'
actionpack (5.2.2) lib/action_dispatch/middleware/request_id.rb:27:in `call'
rack (2.0.6) lib/rack/method_override.rb:22:in `call'
rack (2.0.6) lib/rack/runtime.rb:22:in `call'
activesupport (5.2.2) lib/active_support/cache/strategy/local_cache_middleware.rb:29:in `call'
actionpack (5.2.2) lib/action_dispatch/middleware/executor.rb:14:in `call'
actionpack (5.2.2) lib/action_dispatch/middleware/static.rb:127:in `call'
rack (2.0.6) lib/rack/sendfile.rb:111:in `call'
railties (5.2.2) lib/rails/engine.rb:524:in `call'
puma (3.12.0) lib/puma/configuration.rb:225:in `call'
puma (3.12.0) lib/puma/server.rb:658:in `handle_request'
puma (3.12.0) lib/puma/server.rb:472:in `process_client'
puma (3.12.0) lib/puma/server.rb:332:in `block in run'
puma (3.12.0) lib/puma/thread_pool.rb:133:in `block in spawn_thread'
  [1m[35m (0.1ms)[0m  [1m[34mSELECT "schema_migrations"."version" FROM "schema_migrations" ORDER BY "schema_migrations"."version" ASC[0m
  ↳ /home/krelly/.rvm/rubies/ruby-2.6.0/lib/ruby/gems/2.6.0/gems/rake-12.3.2/lib/rake/task.rb:273
Migrating to CreateUsers (20190228111329)
  [1m[35m (0.0ms)[0m  [1m[36mbegin transaction[0m
  ↳ /home/krelly/.rvm/rubies/ruby-2.6.0/lib/ruby/gems/2.6.0/gems/rake-12.3.2/lib/rake/task.rb:273
  [1m[35m (0.1ms)[0m  [1m[34mSELECT sqlite_version(*)[0m
  ↳ db/migrate/20190228111329_create_users.rb:3
  [1m[35m (0.3ms)[0m  [1m[35mCREATE TABLE "users" ("id" integer PRIMARY KEY AUTOINCREMENT NOT NULL, "name" varchar, "phone_number" varchar, "created_at" datetime NOT NULL, "updated_at" datetime NOT NULL)[0m
  ↳ db/migrate/20190228111329_create_users.rb:3
  [1m[35m (0.0ms)[0m  [1m[31mrollback transaction[0m
  ↳ /home/krelly/.rvm/rubies/ruby-2.6.0/lib/ruby/gems/2.6.0/gems/rake-12.3.2/lib/rake/task.rb:273
  [1m[35m (0.1ms)[0m  [1m[34mSELECT "schema_migrations"."version" FROM "schema_migrations" ORDER BY "schema_migrations"."version" ASC[0m
  ↳ /home/krelly/.rvm/rubies/ruby-2.6.0/lib/ruby/gems/2.6.0/gems/rake-12.3.2/lib/rake/task.rb:273
Migrating to CreateUsers (20190228111329)
  [1m[35m (0.0ms)[0m  [1m[36mbegin transaction[0m
  ↳ /home/krelly/.rvm/rubies/ruby-2.6.0/lib/ruby/gems/2.6.0/gems/rake-12.3.2/lib/rake/task.rb:273
  [1m[35m (0.1ms)[0m  [1m[34mSELECT sqlite_version(*)[0m
  ↳ db/migrate/20190228111329_create_users.rb:3
  [1m[35m (0.3ms)[0m  [1m[35mCREATE TABLE "users" ("id" integer PRIMARY KEY AUTOINCREMENT NOT NULL, "name" varchar, "phone_number" varchar, "created_at" datetime NOT NULL, "updated_at" datetime NOT NULL)[0m
  ↳ db/migrate/20190228111329_create_users.rb:3
  [1m[35m (0.0ms)[0m  [1m[31mrollback transaction[0m
  ↳ /home/krelly/.rvm/rubies/ruby-2.6.0/lib/ruby/gems/2.6.0/gems/rake-12.3.2/lib/rake/task.rb:273
Started GET "/reservations" for 127.0.0.1 at 2019-02-28 13:32:07 +0200
  [1m[35m (0.1ms)[0m  [1m[34mSELECT "schema_migrations"."version" FROM "schema_migrations" ORDER BY "schema_migrations"."version" ASC[0m
  ↳ /home/krelly/.rvm/gems/ruby-2.6.0/gems/activerecord-5.2.2/lib/active_record/log_subscriber.rb:98
  
ActiveRecord::PendingMigrationError (

Migrations are pending. To resolve this issue, run:

        bin/rails db:migrate RAILS_ENV=development

):
  
activerecord (5.2.2) lib/active_record/migration.rb:579:in `check_pending!'
activerecord (5.2.2) lib/active_record/migration.rb:556:in `call'
actionpack (5.2.2) lib/action_dispatch/middleware/callbacks.rb:28:in `block in call'
activesupport (5.2.2) lib/active_support/callbacks.rb:98:in `run_callbacks'
actionpack (5.2.2) lib/action_dispatch/middleware/callbacks.rb:26:in `call'
actionpack (5.2.2) lib/action_dispatch/middleware/executor.rb:14:in `call'
actionpack (5.2.2) lib/action_dispatch/middleware/debug_exceptions.rb:61:in `call'
web-console (3.7.0) lib/web_console/middleware.rb:135:in `call_app'
web-console (3.7.0) lib/web_console/middleware.rb:30:in `block in call'
web-console (3.7.0) lib/web_console/middleware.rb:20:in `catch'
web-console (3.7.0) lib/web_console/middleware.rb:20:in `call'
actionpack (5.2.2) lib/action_dispatch/middleware/show_exceptions.rb:33:in `call'
railties (5.2.2) lib/rails/rack/logger.rb:38:in `call_app'
railties (5.2.2) lib/rails/rack/logger.rb:26:in `block in call'
activesupport (5.2.2) lib/active_support/tagged_logging.rb:71:in `block in tagged'
activesupport (5.2.2) lib/active_support/tagged_logging.rb:28:in `tagged'
activesupport (5.2.2) lib/active_support/tagged_logging.rb:71:in `tagged'
railties (5.2.2) lib/rails/rack/logger.rb:26:in `call'
sprockets-rails (3.2.1) lib/sprockets/rails/quiet_assets.rb:13:in `call'
actionpack (5.2.2) lib/action_dispatch/middleware/remote_ip.rb:81:in `call'
actionpack (5.2.2) lib/action_dispatch/middleware/request_id.rb:27:in `call'
rack (2.0.6) lib/rack/method_override.rb:22:in `call'
rack (2.0.6) lib/rack/runtime.rb:22:in `call'
activesupport (5.2.2) lib/active_support/cache/strategy/local_cache_middleware.rb:29:in `call'
actionpack (5.2.2) lib/action_dispatch/middleware/executor.rb:14:in `call'
actionpack (5.2.2) lib/action_dispatch/middleware/static.rb:127:in `call'
rack (2.0.6) lib/rack/sendfile.rb:111:in `call'
railties (5.2.2) lib/rails/engine.rb:524:in `call'
puma (3.12.0) lib/puma/configuration.rb:225:in `call'
puma (3.12.0) lib/puma/server.rb:658:in `handle_request'
puma (3.12.0) lib/puma/server.rb:472:in `process_client'
puma (3.12.0) lib/puma/server.rb:332:in `block in run'
puma (3.12.0) lib/puma/thread_pool.rb:133:in `block in spawn_thread'
  [1m[35m (0.1ms)[0m  [1m[34mSELECT "schema_migrations"."version" FROM "schema_migrations" ORDER BY "schema_migrations"."version" ASC[0m
  ↳ /home/krelly/.rvm/rubies/ruby-2.6.0/lib/ruby/gems/2.6.0/gems/rake-12.3.2/lib/rake/task.rb:273
  [1m[35m (0.1ms)[0m  [1m[34mSELECT "schema_migrations"."version" FROM "schema_migrations" ORDER BY "schema_migrations"."version" ASC[0m
  ↳ /home/krelly/.rvm/rubies/ruby-2.6.0/lib/ruby/gems/2.6.0/gems/rake-12.3.2/lib/rake/task.rb:273
Migrating to CreateUsers (20190228111329)
  [1m[35m (0.1ms)[0m  [1m[36mbegin transaction[0m
  ↳ /home/krelly/.rvm/rubies/ruby-2.6.0/lib/ruby/gems/2.6.0/gems/rake-12.3.2/lib/rake/task.rb:273
  [1m[35m (0.1ms)[0m  [1m[34mSELECT sqlite_version(*)[0m
  ↳ db/migrate/20190228111329_create_users.rb:3
  [1m[35m (0.3ms)[0m  [1m[35mCREATE TABLE "users" ("id" integer PRIMARY KEY AUTOINCREMENT NOT NULL, "name" varchar, "phone_number" varchar, "created_at" datetime NOT NULL, "updated_at" datetime NOT NULL)[0m
  ↳ db/migrate/20190228111329_create_users.rb:3
  [1m[36mActiveRecord::SchemaMigration Create (0.2ms)[0m  [1m[32mINSERT INTO "schema_migrations" ("version") VALUES (?)[0m  [["version", "20190228111329"]]
  ↳ /home/krelly/.rvm/rubies/ruby-2.6.0/lib/ruby/gems/2.6.0/gems/rake-12.3.2/lib/rake/task.rb:273
  [1m[35m (13.0ms)[0m  [1m[36mcommit transaction[0m
  ↳ /home/krelly/.rvm/rubies/ruby-2.6.0/lib/ruby/gems/2.6.0/gems/rake-12.3.2/lib/rake/task.rb:273
  [1m[36mActiveRecord::InternalMetadata Load (0.1ms)[0m  [1m[34mSELECT  "ar_internal_metadata".* FROM "ar_internal_metadata" WHERE "ar_internal_metadata"."key" = ? LIMIT ?[0m  [["key", "environment"], ["LIMIT", 1]]
  ↳ /home/krelly/.rvm/rubies/ruby-2.6.0/lib/ruby/gems/2.6.0/gems/rake-12.3.2/lib/rake/task.rb:273
  [1m[35m (0.0ms)[0m  [1m[36mbegin transaction[0m
  ↳ /home/krelly/.rvm/rubies/ruby-2.6.0/lib/ruby/gems/2.6.0/gems/rake-12.3.2/lib/rake/task.rb:273
  [1m[35m (0.0ms)[0m  [1m[36mcommit transaction[0m
  ↳ /home/krelly/.rvm/rubies/ruby-2.6.0/lib/ruby/gems/2.6.0/gems/rake-12.3.2/lib/rake/task.rb:273
  [1m[35m (0.1ms)[0m  [1m[34mSELECT "schema_migrations"."version" FROM "schema_migrations" ORDER BY "schema_migrations"."version" ASC[0m
  ↳ /home/krelly/.rvm/rubies/ruby-2.6.0/lib/ruby/gems/2.6.0/gems/rake-12.3.2/lib/rake/task.rb:273
Started GET "/reservations" for 127.0.0.1 at 2019-02-28 13:33:29 +0200
  [1m[35m (0.1ms)[0m  [1m[34mSELECT "schema_migrations"."version" FROM "schema_migrations" ORDER BY "schema_migrations"."version" ASC[0m
  ↳ /home/krelly/.rvm/gems/ruby-2.6.0/gems/activerecord-5.2.2/lib/active_record/log_subscriber.rb:98
Processing by ReservationsController#index as HTML
  Rendering reservations/index.html.erb within layouts/application
  [1m[36mReservation Load (0.2ms)[0m  [1m[34mSELECT "reservations".* FROM "reservations"[0m
  ↳ app/views/reservations/index.html.erb:17
  Rendered reservations/index.html.erb within layouts/application (2.8ms)
Completed 200 OK in 759ms (Views: 749.0ms | ActiveRecord: 0.6ms)


  [1m[35m (0.2ms)[0m  [1m[36mbegin transaction[0m
  [1m[36mUser Create (1.0ms)[0m  [1m[32mINSERT INTO "users" ("name", "phone_number", "created_at", "updated_at") VALUES (?, ?, ?, ?)[0m  [["name", "John Doe"], ["phone_number", "999-999-999"], ["created_at", "2019-02-28 11:33:41.089638"], ["updated_at", "2019-02-28 11:33:41.089638"]]
  [1m[35m (13.2ms)[0m  [1m[36mcommit transaction[0m
Started GET "/reservations" for 127.0.0.1 at 2019-02-28 13:33:43 +0200
Processing by ReservationsController#index as HTML
  Rendering reservations/index.html.erb within layouts/application
  [1m[36mReservation Load (0.2ms)[0m  [1m[34mSELECT "reservations".* FROM "reservations"[0m
  ↳ app/views/reservations/index.html.erb:17
  Rendered reservations/index.html.erb within layouts/application (1.9ms)
Completed 200 OK in 22ms (Views: 20.8ms | ActiveRecord: 0.4ms)


Started GET "/reservations/new" for 127.0.0.1 at 2019-02-28 13:33:44 +0200
Processing by ReservationsController#new as HTML
  Rendering reservations/new.html.erb within layouts/application
  Rendered reservations/_form.html.erb (20.5ms)
  Rendered reservations/new.html.erb within layouts/application (21.5ms)
Completed 200 OK in 56ms (Views: 37.8ms | ActiveRecord: 1.0ms)


Started POST "/reservations" for 127.0.0.1 at 2019-02-28 13:34:05 +0200
Processing by ReservationsController#create as HTML
  Parameters: {"utf8"=>"✓", "authenticity_token"=>"hF41HC2k3C5mMTJXPq3RoJIVbiDi0w/mAi4ppGgClablAz4YqBOFD7BawQ3+mokG9a032CBbC3Wek7mZRx+41g==", "reservation"=>{"user_id"=>"1", "table_id"=>"1", "start(1i)"=>"2019", "start(2i)"=>"2", "start(3i)"=>"28", "start(4i)"=>"11", "start(5i)"=>"33", "end(1i)"=>"2019", "end(2i)"=>"2", "end(3i)"=>"28", "end(4i)"=>"16", "end(5i)"=>"59"}, "commit"=>"Create Reservation"}
  [1m[35m (0.1ms)[0m  [1m[36mbegin transaction[0m
  ↳ app/controllers/reservations_controller.rb:30
  [1m[36mUser Load (0.1ms)[0m  [1m[34mSELECT  "users".* FROM "users" WHERE "users"."id" = ? LIMIT ?[0m  [["id", 1], ["LIMIT", 1]]
  ↳ app/controllers/reservations_controller.rb:30
  [1m[36mTable Load (0.1ms)[0m  [1m[34mSELECT  "tables".* FROM "tables" WHERE "tables"."id" = ? LIMIT ?[0m  [["id", 1], ["LIMIT", 1]]
  ↳ app/controllers/reservations_controller.rb:30
  [1m[35m (0.0ms)[0m  [1m[31mrollback transaction[0m
  ↳ app/controllers/reservations_controller.rb:30
  Rendering reservations/new.html.erb within layouts/application
  Rendered reservations/_form.html.erb (5.5ms)
  Rendered reservations/new.html.erb within layouts/application (6.3ms)
Completed 200 OK in 74ms (Views: 50.5ms | ActiveRecord: 1.2ms)


  [1m[36mTable Load (0.4ms)[0m  [1m[34mSELECT  "tables".* FROM "tables" ORDER BY "tables"."id" DESC LIMIT ?[0m  [["LIMIT", 1]]
  [1m[36mRestaurant Load (0.4ms)[0m  [1m[34mSELECT  "restaurants".* FROM "restaurants" ORDER BY "restaurants"."id" DESC LIMIT ?[0m  [["LIMIT", 1]]
  [1m[36mRestaurant Load (0.2ms)[0m  [1m[34mSELECT  "restaurants".* FROM "restaurants" ORDER BY "restaurants"."id" DESC LIMIT ?[0m  [["LIMIT", 1]]
  [1m[35m (0.1ms)[0m  [1m[36mbegin transaction[0m
  [1m[36mTable Create (0.7ms)[0m  [1m[32mINSERT INTO "tables" ("seats", "number", "restaurant_id", "created_at", "updated_at") VALUES (?, ?, ?, ?, ?)[0m  [["seats", 1], ["number", 1], ["restaurant_id", 1], ["created_at", "2019-02-28 11:34:44.296464"], ["updated_at", "2019-02-28 11:34:44.296464"]]
  [1m[35m (6.4ms)[0m  [1m[36mcommit transaction[0m
Started POST "/reservations" for 127.0.0.1 at 2019-02-28 13:34:46 +0200
Processing by ReservationsController#create as HTML
  Parameters: {"utf8"=>"✓", "authenticity_token"=>"RYjDjFNMfgiBV8O+OGLeIQbk4kxcDr5eHoqJMXt6pwzYUwPvZP4MTZvgE6qZ3U/NFB8JG1SExLu+bEWSXLnz5Q==", "reservation"=>{"user_id"=>"1", "table_id"=>"1", "start(1i)"=>"2019", "start(2i)"=>"2", "start(3i)"=>"28", "start(4i)"=>"11", "start(5i)"=>"33", "end(1i)"=>"2019", "end(2i)"=>"2", "end(3i)"=>"28", "end(4i)"=>"16", "end(5i)"=>"59"}, "commit"=>"Create Reservation"}
  [1m[35m (0.1ms)[0m  [1m[36mbegin transaction[0m
  ↳ app/controllers/reservations_controller.rb:30
  [1m[36mUser Load (0.1ms)[0m  [1m[34mSELECT  "users".* FROM "users" WHERE "users"."id" = ? LIMIT ?[0m  [["id", 1], ["LIMIT", 1]]
  ↳ app/controllers/reservations_controller.rb:30
  [1m[36mTable Load (0.0ms)[0m  [1m[34mSELECT  "tables".* FROM "tables" WHERE "tables"."id" = ? LIMIT ?[0m  [["id", 1], ["LIMIT", 1]]
  ↳ app/controllers/reservations_controller.rb:30
  [1m[36mReservation Create (0.4ms)[0m  [1m[32mINSERT INTO "reservations" ("user_id", "table_id", "start", "end", "created_at", "updated_at") VALUES (?, ?, ?, ?, ?, ?)[0m  [["user_id", 1], ["table_id", 1], ["start", "2000-01-01 11:33:00"], ["end", "2000-01-01 16:59:00"], ["created_at", "2019-02-28 11:34:46.981929"], ["updated_at", "2019-02-28 11:34:46.981929"]]
  ↳ app/controllers/reservations_controller.rb:30
  [1m[35m (7.0ms)[0m  [1m[36mcommit transaction[0m
  ↳ app/controllers/reservations_controller.rb:30
Redirected to http://localhost:3000/reservations/1
Completed 302 Found in 22ms (ActiveRecord: 7.7ms)


Started GET "/reservations/1" for 127.0.0.1 at 2019-02-28 13:34:47 +0200
Processing by ReservationsController#show as HTML
  Parameters: {"id"=>"1"}
  [1m[36mReservation Load (0.3ms)[0m  [1m[34mSELECT  "reservations".* FROM "reservations" WHERE "reservations"."id" = ? LIMIT ?[0m  [["id", 1], ["LIMIT", 1]]
  ↳ app/controllers/reservations_controller.rb:67
  Rendering reservations/show.html.erb within layouts/application
  [1m[36mUser Load (0.2ms)[0m  [1m[34mSELECT  "users".* FROM "users" WHERE "users"."id" = ? LIMIT ?[0m  [["id", 1], ["LIMIT", 1]]
  ↳ app/views/reservations/show.html.erb:5
  [1m[36mTable Load (0.1ms)[0m  [1m[34mSELECT  "tables".* FROM "tables" WHERE "tables"."id" = ? LIMIT ?[0m  [["id", 1], ["LIMIT", 1]]
  ↳ app/views/reservations/show.html.erb:10
  Rendered reservations/show.html.erb within layouts/application (5.2ms)
Completed 200 OK in 52ms (Views: 47.9ms | ActiveRecord: 0.7ms)


  [1m[36mReservation Load (0.3ms)[0m  [1m[34mSELECT  "reservations".* FROM "reservations" ORDER BY "reservations"."id" DESC LIMIT ?[0m  [["LIMIT", 1]]
  [1m[36mTable Load (0.4ms)[0m  [1m[34mSELECT  "tables".* FROM "tables" ORDER BY "tables"."id" ASC LIMIT ?[0m  [["LIMIT", 1]]
  [1m[36mReservation Load (0.4ms)[0m  [1m[34mSELECT  "reservations".* FROM "reservations" WHERE "reservations"."table_id" = ? LIMIT ?[0m  [["table_id", 1], ["LIMIT", 11]]
  [1m[36mTable Load (0.2ms)[0m  [1m[34mSELECT  "tables".* FROM "tables" ORDER BY "tables"."id" ASC LIMIT ?[0m  [["LIMIT", 1]]
  [1m[36mReservation Load (0.2ms)[0m  [1m[34mSELECT  "reservations".* FROM "reservations" WHERE "reservations"."table_id" = ? LIMIT ?[0m  [["table_id", 1], ["LIMIT", 11]]
  [1m[36mTable Load (0.2ms)[0m  [1m[34mSELECT  "tables".* FROM "tables" ORDER BY "tables"."id" ASC LIMIT ?[0m  [["LIMIT", 1]]
  [1m[36mReservation Load (0.3ms)[0m  [1m[34mSELECT  "reservations".* FROM "reservations" WHERE "reservations"."table_id" = ? AND (start >= '11:33' AND end <= '15:50') LIMIT ?[0m  [["table_id", 1], ["LIMIT", 11]]
  [1m[36mTable Load (0.2ms)[0m  [1m[34mSELECT  "tables".* FROM "tables" ORDER BY "tables"."id" ASC LIMIT ?[0m  [["LIMIT", 1]]
  [1m[36mReservation Load (0.3ms)[0m  [1m[34mSELECT  "reservations".* FROM "reservations" WHERE "reservations"."table_id" = ? AND (start >= '11:33' AND end <= '15:50') LIMIT ?[0m  [["table_id", 1], ["LIMIT", 11]]
  [1m[36mTable Load (0.2ms)[0m  [1m[34mSELECT  "tables".* FROM "tables" ORDER BY "tables"."id" ASC LIMIT ?[0m  [["LIMIT", 1]]
  [1m[36mReservation Load (0.4ms)[0m  [1m[34mSELECT  "reservations".* FROM "reservations" WHERE "reservations"."table_id" = ? AND (start >= '11:34' AND end <= '15:50') LIMIT ?[0m  [["table_id", 1], ["LIMIT", 11]]
  [1m[36mTable Load (0.1ms)[0m  [1m[34mSELECT  "tables".* FROM "tables" ORDER BY "tables"."id" ASC LIMIT ?[0m  [["LIMIT", 1]]
  [1m[36mReservation Load (0.2ms)[0m  [1m[34mSELECT  "reservations".* FROM "reservations" WHERE "reservations"."table_id" = ? AND (start >= '11:34' AND end <= '16:59') LIMIT ?[0m  [["table_id", 1], ["LIMIT", 11]]
  [1m[36mTable Load (0.2ms)[0m  [1m[34mSELECT  "tables".* FROM "tables" ORDER BY "tables"."id" ASC LIMIT ?[0m  [["LIMIT", 1]]
  [1m[36mReservation Load (0.3ms)[0m  [1m[34mSELECT  "reservations".* FROM "reservations" WHERE "reservations"."table_id" = ? AND (start >= '11:34' AND end <= '16:58') LIMIT ?[0m  [["table_id", 1], ["LIMIT", 11]]
  [1m[36mTable Load (0.2ms)[0m  [1m[34mSELECT  "tables".* FROM "tables" ORDER BY "tables"."id" ASC LIMIT ?[0m  [["LIMIT", 1]]
  [1m[36mReservation Load (0.4ms)[0m  [1m[34mSELECT  "reservations".* FROM "reservations" WHERE "reservations"."table_id" = ? AND (start >= '11:34' OR end <= '16:58') LIMIT ?[0m  [["table_id", 1], ["LIMIT", 11]]
  [1m[36mTable Load (0.2ms)[0m  [1m[34mSELECT  "tables".* FROM "tables" ORDER BY "tables"."id" ASC LIMIT ?[0m  [["LIMIT", 1]]
  [1m[36mReservation Load (0.5ms)[0m  [1m[34mSELECT  "reservations".* FROM "reservations" WHERE "reservations"."table_id" = ? AND (start >= '11:34' OR end <= '18:58') LIMIT ?[0m  [["table_id", 1], ["LIMIT", 11]]
  [1m[36mTable Load (0.2ms)[0m  [1m[34mSELECT  "tables".* FROM "tables" ORDER BY "tables"."id" ASC LIMIT ?[0m  [["LIMIT", 1]]
  [1m[36mReservation Load (0.4ms)[0m  [1m[34mSELECT  "reservations".* FROM "reservations" WHERE "reservations"."table_id" = ? AND (start >= '10:34' OR end <= '18:58') LIMIT ?[0m  [["table_id", 1], ["LIMIT", 11]]
Started GET "/reservations" for 127.0.0.1 at 2019-02-28 13:48:05 +0200
Processing by ReservationsController#index as HTML
  Rendering reservations/index.html.erb within layouts/application
  [1m[36mReservation Load (0.2ms)[0m  [1m[34mSELECT "reservations".* FROM "reservations"[0m
  ↳ app/views/reservations/index.html.erb:17
  [1m[36mUser Load (0.1ms)[0m  [1m[34mSELECT  "users".* FROM "users" WHERE "users"."id" = ? LIMIT ?[0m  [["id", 1], ["LIMIT", 1]]
  ↳ app/views/reservations/index.html.erb:19
  [1m[36mTable Load (0.1ms)[0m  [1m[34mSELECT  "tables".* FROM "tables" WHERE "tables"."id" = ? LIMIT ?[0m  [["id", 1], ["LIMIT", 1]]
  ↳ app/views/reservations/index.html.erb:20
  Rendered reservations/index.html.erb within layouts/application (44.7ms)
Completed 200 OK in 73ms (Views: 67.5ms | ActiveRecord: 2.0ms)


Started GET "/reservations/new" for 127.0.0.1 at 2019-02-28 13:48:06 +0200
Processing by ReservationsController#new as HTML
  Rendering reservations/new.html.erb within layouts/application
  Rendered reservations/_form.html.erb (16.3ms)
  Rendered reservations/new.html.erb within layouts/application (18.3ms)
Completed 200 OK in 79ms (Views: 76.8ms | ActiveRecord: 0.0ms)


Started POST "/reservations" for 127.0.0.1 at 2019-02-28 13:48:22 +0200
Processing by ReservationsController#create as HTML
  Parameters: {"utf8"=>"✓", "authenticity_token"=>"QuYIbOgkTBcChb1EbtoVuyeRo0FICNxKkaDcWU6mKlIjuwNobZMVNtTuTh6u7U0dQCn6uYqA2NkNHUxkYbsHIg==", "reservation"=>{"user_id"=>"1", "table_id"=>"", "start(1i)"=>"2019", "start(2i)"=>"2", "start(3i)"=>"28", "start(4i)"=>"19", "start(5i)"=>"58", "end(1i)"=>"2019", "end(2i)"=>"2", "end(3i)"=>"28", "end(4i)"=>"11", "end(5i)"=>"48"}, "commit"=>"Create Reservation"}
  [1m[35m (0.1ms)[0m  [1m[36mbegin transaction[0m
  ↳ app/controllers/reservations_controller.rb:30
  [1m[36mUser Load (0.2ms)[0m  [1m[34mSELECT  "users".* FROM "users" WHERE "users"."id" = ? LIMIT ?[0m  [["id", 1], ["LIMIT", 1]]
  ↳ app/controllers/reservations_controller.rb:30
  [1m[35m (0.1ms)[0m  [1m[31mrollback transaction[0m
  ↳ app/controllers/reservations_controller.rb:30
  Rendering reservations/new.html.erb within layouts/application
  Rendered reservations/_form.html.erb (19.5ms)
  Rendered reservations/new.html.erb within layouts/application (21.5ms)
Completed 200 OK in 88ms (Views: 75.6ms | ActiveRecord: 0.5ms)


  [1m[35m (0.4ms)[0m  [1m[34mSELECT "schema_migrations"."version" FROM "schema_migrations" ORDER BY "schema_migrations"."version" ASC[0m
  ↳ /home/krelly/.rvm/rubies/ruby-2.6.0/lib/ruby/gems/2.6.0/gems/rake-12.3.2/lib/rake/task.rb:273
Migrating to CreateReservations (20190228115027)
  [1m[35m (0.1ms)[0m  [1m[36mbegin transaction[0m
  ↳ /home/krelly/.rvm/rubies/ruby-2.6.0/lib/ruby/gems/2.6.0/gems/rake-12.3.2/lib/rake/task.rb:273
  [1m[35m (0.1ms)[0m  [1m[34mSELECT sqlite_version(*)[0m
  ↳ db/migrate/20190228115027_create_reservations.rb:3
  [1m[35m (0.4ms)[0m  [1m[35mCREATE TABLE "reservations" ("id" integer PRIMARY KEY AUTOINCREMENT NOT NULL, "user_id" integer, "table_id" integer, "start" datetime, "end" datetime, "created_at" datetime NOT NULL, "updated_at" datetime NOT NULL, CONSTRAINT "fk_rails_48a92fce51"
FOREIGN KEY ("user_id")
  REFERENCES "users" ("id")
, CONSTRAINT "fk_rails_23ce71128d"
FOREIGN KEY ("table_id")
  REFERENCES "tables" ("id")
)[0m
  ↳ db/migrate/20190228115027_create_reservations.rb:3
  [1m[35m (0.0ms)[0m  [1m[31mrollback transaction[0m
  ↳ /home/krelly/.rvm/rubies/ruby-2.6.0/lib/ruby/gems/2.6.0/gems/rake-12.3.2/lib/rake/task.rb:273
  [1m[35m (0.1ms)[0m  [1m[34mSELECT "schema_migrations"."version" FROM "schema_migrations" ORDER BY "schema_migrations"."version" ASC[0m
  ↳ /home/krelly/.rvm/rubies/ruby-2.6.0/lib/ruby/gems/2.6.0/gems/rake-12.3.2/lib/rake/task.rb:273
Migrating to CreateReservations (20190228115027)
  [1m[35m (0.0ms)[0m  [1m[36mbegin transaction[0m
  ↳ /home/krelly/.rvm/rubies/ruby-2.6.0/lib/ruby/gems/2.6.0/gems/rake-12.3.2/lib/rake/task.rb:273
  [1m[35m (0.1ms)[0m  [1m[34mSELECT sqlite_version(*)[0m
  ↳ db/migrate/20190228115027_create_reservations.rb:3
  [1m[35m (0.4ms)[0m  [1m[35mCREATE TABLE "reservations" ("id" integer PRIMARY KEY AUTOINCREMENT NOT NULL, "user_id" integer, "table_id" integer, "start" datetime, "end" datetime, "created_at" datetime NOT NULL, "updated_at" datetime NOT NULL, CONSTRAINT "fk_rails_48a92fce51"
FOREIGN KEY ("user_id")
  REFERENCES "users" ("id")
, CONSTRAINT "fk_rails_23ce71128d"
FOREIGN KEY ("table_id")
  REFERENCES "tables" ("id")
)[0m
  ↳ db/migrate/20190228115027_create_reservations.rb:3
  [1m[35m (0.1ms)[0m  [1m[35mCREATE  INDEX "index_reservations_on_user_id" ON "reservations" ("user_id")[0m
  ↳ db/migrate/20190228115027_create_reservations.rb:3
  [1m[35m (0.1ms)[0m  [1m[35mCREATE  INDEX "index_reservations_on_table_id" ON "reservations" ("table_id")[0m
  ↳ db/migrate/20190228115027_create_reservations.rb:3
  [1m[36mActiveRecord::SchemaMigration Create (0.1ms)[0m  [1m[32mINSERT INTO "schema_migrations" ("version") VALUES (?)[0m  [["version", "20190228115027"]]
  ↳ /home/krelly/.rvm/rubies/ruby-2.6.0/lib/ruby/gems/2.6.0/gems/rake-12.3.2/lib/rake/task.rb:273
  [1m[35m (6.3ms)[0m  [1m[36mcommit transaction[0m
  ↳ /home/krelly/.rvm/rubies/ruby-2.6.0/lib/ruby/gems/2.6.0/gems/rake-12.3.2/lib/rake/task.rb:273
  [1m[36mActiveRecord::InternalMetadata Load (0.1ms)[0m  [1m[34mSELECT  "ar_internal_metadata".* FROM "ar_internal_metadata" WHERE "ar_internal_metadata"."key" = ? LIMIT ?[0m  [["key", "environment"], ["LIMIT", 1]]
  ↳ /home/krelly/.rvm/rubies/ruby-2.6.0/lib/ruby/gems/2.6.0/gems/rake-12.3.2/lib/rake/task.rb:273
  [1m[35m (0.0ms)[0m  [1m[36mbegin transaction[0m
  ↳ /home/krelly/.rvm/rubies/ruby-2.6.0/lib/ruby/gems/2.6.0/gems/rake-12.3.2/lib/rake/task.rb:273
  [1m[35m (0.0ms)[0m  [1m[36mcommit transaction[0m
  ↳ /home/krelly/.rvm/rubies/ruby-2.6.0/lib/ruby/gems/2.6.0/gems/rake-12.3.2/lib/rake/task.rb:273
  [1m[35m (0.1ms)[0m  [1m[34mSELECT "schema_migrations"."version" FROM "schema_migrations" ORDER BY "schema_migrations"."version" ASC[0m
  ↳ /home/krelly/.rvm/rubies/ruby-2.6.0/lib/ruby/gems/2.6.0/gems/rake-12.3.2/lib/rake/task.rb:273
Started GET "/reservations" for 127.0.0.1 at 2019-02-28 13:51:02 +0200
  [1m[35m (0.3ms)[0m  [1m[34mSELECT "schema_migrations"."version" FROM "schema_migrations" ORDER BY "schema_migrations"."version" ASC[0m
  ↳ /home/krelly/.rvm/gems/ruby-2.6.0/gems/activerecord-5.2.2/lib/active_record/log_subscriber.rb:98
Processing by ReservationsController#index as HTML
  Rendering reservations/index.html.erb within layouts/application
  [1m[36mReservation Load (0.2ms)[0m  [1m[34mSELECT "reservations".* FROM "reservations"[0m
  ↳ app/views/reservations/index.html.erb:17
  Rendered reservations/index.html.erb within layouts/application (1.9ms)
Completed 200 OK in 26ms (Views: 21.7ms | ActiveRecord: 0.4ms)


Started GET "/reservations/new" for 127.0.0.1 at 2019-02-28 13:51:03 +0200
Processing by ReservationsController#new as HTML
  Rendering reservations/new.html.erb within layouts/application
  Rendered reservations/_form.html.erb (9.7ms)
  Rendered reservations/new.html.erb within layouts/application (11.1ms)
Completed 200 OK in 43ms (Views: 34.0ms | ActiveRecord: 0.3ms)


Started POST "/reservations" for 127.0.0.1 at 2019-02-28 13:51:46 +0200
Processing by ReservationsController#create as HTML
  Parameters: {"utf8"=>"✓", "authenticity_token"=>"W1CRZvafqtN/mjSIuzEJnRmef77EmA8GIb5xYpu+f3o6DZpicyjz8qnxx9J7BlE7fiYmRgYQC5W9A+FftKNSCg==", "reservation"=>{"user_id"=>"1", "table_id"=>"1", "start(1i)"=>"2019", "start(2i)"=>"2", "start(3i)"=>"28", "start(4i)"=>"23", "start(5i)"=>"30", "end(1i)"=>"2019", "end(2i)"=>"3", "end(3i)"=>"1", "end(4i)"=>"02", "end(5i)"=>"00"}, "commit"=>"Create Reservation"}
  [1m[35m (0.1ms)[0m  [1m[36mbegin transaction[0m
  ↳ app/controllers/reservations_controller.rb:30
  [1m[36mUser Load (0.2ms)[0m  [1m[34mSELECT  "users".* FROM "users" WHERE "users"."id" = ? LIMIT ?[0m  [["id", 1], ["LIMIT", 1]]
  ↳ app/controllers/reservations_controller.rb:30
  [1m[36mTable Load (0.2ms)[0m  [1m[34mSELECT  "tables".* FROM "tables" WHERE "tables"."id" = ? LIMIT ?[0m  [["id", 1], ["LIMIT", 1]]
  ↳ app/controllers/reservations_controller.rb:30
  [1m[36mReservation Create (0.3ms)[0m  [1m[32mINSERT INTO "reservations" ("user_id", "table_id", "start", "end", "created_at", "updated_at") VALUES (?, ?, ?, ?, ?, ?)[0m  [["user_id", 1], ["table_id", 1], ["start", "2019-02-28 23:30:00"], ["end", "2019-03-01 02:00:00"], ["created_at", "2019-02-28 11:51:46.920387"], ["updated_at", "2019-02-28 11:51:46.920387"]]
  ↳ app/controllers/reservations_controller.rb:30
  [1m[35m (4.9ms)[0m  [1m[36mcommit transaction[0m
  ↳ app/controllers/reservations_controller.rb:30
Redirected to http://localhost:3000/reservations/1
Completed 302 Found in 65ms (ActiveRecord: 7.5ms)


Started GET "/reservations/1" for 127.0.0.1 at 2019-02-28 13:51:46 +0200
Processing by ReservationsController#show as HTML
  Parameters: {"id"=>"1"}
  [1m[36mReservation Load (0.2ms)[0m  [1m[34mSELECT  "reservations".* FROM "reservations" WHERE "reservations"."id" = ? LIMIT ?[0m  [["id", 1], ["LIMIT", 1]]
  ↳ app/controllers/reservations_controller.rb:67
  Rendering reservations/show.html.erb within layouts/application
  [1m[36mUser Load (0.1ms)[0m  [1m[34mSELECT  "users".* FROM "users" WHERE "users"."id" = ? LIMIT ?[0m  [["id", 1], ["LIMIT", 1]]
  ↳ app/views/reservations/show.html.erb:5
  [1m[36mTable Load (0.1ms)[0m  [1m[34mSELECT  "tables".* FROM "tables" WHERE "tables"."id" = ? LIMIT ?[0m  [["id", 1], ["LIMIT", 1]]
  ↳ app/views/reservations/show.html.erb:10
  Rendered reservations/show.html.erb within layouts/application (2.3ms)
Completed 200 OK in 21ms (Views: 19.1ms | ActiveRecord: 0.4ms)


  [1m[36mTable Load (0.4ms)[0m  [1m[34mSELECT  "tables".* FROM "tables" ORDER BY "tables"."id" ASC LIMIT ?[0m  [["LIMIT", 1]]
  [1m[36mReservation Load (0.2ms)[0m  [1m[34mSELECT  "reservations".* FROM "reservations" WHERE "reservations"."table_id" = ? AND (start >= '11:34' OR end <= '18:58') LIMIT ?[0m  [["table_id", 1], ["LIMIT", 11]]
  [1m[36mReservation Load (0.4ms)[0m  [1m[34mSELECT  "reservations".* FROM "reservations" ORDER BY "reservations"."id" DESC LIMIT ?[0m  [["LIMIT", 1]]
  [1m[36mReservation Load (0.3ms)[0m  [1m[34mSELECT  "reservations".* FROM "reservations" ORDER BY "reservations"."id" DESC LIMIT ?[0m  [["LIMIT", 1]]
  [1m[36mTable Load (0.2ms)[0m  [1m[34mSELECT  "tables".* FROM "tables" ORDER BY "tables"."id" ASC LIMIT ?[0m  [["LIMIT", 1]]
  [1m[36mReservation Load (0.4ms)[0m  [1m[34mSELECT  "reservations".* FROM "reservations" WHERE "reservations"."table_id" = ? AND (start >= '11:34' OR end <= '18:58') LIMIT ?[0m  [["table_id", 1], ["LIMIT", 11]]
  [1m[36mTable Load (0.2ms)[0m  [1m[34mSELECT  "tables".* FROM "tables" ORDER BY "tables"."id" ASC LIMIT ?[0m  [["LIMIT", 1]]
  [1m[36mReservation Load (0.5ms)[0m  [1m[34mSELECT  "reservations".* FROM "reservations" WHERE "reservations"."table_id" = ? AND (start >= '2019-02-28 23:30:00' OR end <= '2019-03-01 02:00:00') LIMIT ?[0m  [["table_id", 1], ["LIMIT", 11]]
  [1m[36mTable Load (0.2ms)[0m  [1m[34mSELECT  "tables".* FROM "tables" ORDER BY "tables"."id" ASC LIMIT ?[0m  [["LIMIT", 1]]
  [1m[36mReservation Load (0.3ms)[0m  [1m[34mSELECT  "reservations".* FROM "reservations" WHERE "reservations"."table_id" = ? AND (start >= '2019-03-01 01:00:00' OR end <= '2019-03-01 02:00:00') LIMIT ?[0m  [["table_id", 1], ["LIMIT", 11]]
  [1m[36mTable Load (0.2ms)[0m  [1m[34mSELECT  "tables".* FROM "tables" ORDER BY "tables"."id" ASC LIMIT ?[0m  [["LIMIT", 1]]
  [1m[36mReservation Load (0.3ms)[0m  [1m[34mSELECT  "reservations".* FROM "reservations" WHERE "reservations"."table_id" = ? AND (start >= '2019-03-01 02:00:00' OR end <= '2019-03-01 02:00:00') LIMIT ?[0m  [["table_id", 1], ["LIMIT", 11]]
  [1m[36mTable Load (0.2ms)[0m  [1m[34mSELECT  "tables".* FROM "tables" ORDER BY "tables"."id" ASC LIMIT ?[0m  [["LIMIT", 1]]
  [1m[36mReservation Load (0.3ms)[0m  [1m[34mSELECT  "reservations".* FROM "reservations" WHERE "reservations"."table_id" = ? AND (start >= '2019-03-01 02:00:00' OR end <= '2019-03-01 03:00:00') LIMIT ?[0m  [["table_id", 1], ["LIMIT", 11]]
  [1m[36mTable Load (0.2ms)[0m  [1m[34mSELECT  "tables".* FROM "tables" ORDER BY "tables"."id" ASC LIMIT ?[0m  [["LIMIT", 1]]
  [1m[36mReservation Load (0.4ms)[0m  [1m[34mSELECT  "reservations".* FROM "reservations" WHERE "reservations"."table_id" = ? AND (start > '2019-03-01 02:00:00' OR end <= '2019-03-01 03:00:00') LIMIT ?[0m  [["table_id", 1], ["LIMIT", 11]]
  [1m[36mTable Load (0.2ms)[0m  [1m[34mSELECT  "tables".* FROM "tables" ORDER BY "tables"."id" ASC LIMIT ?[0m  [["LIMIT", 1]]
  [1m[36mReservation Load (0.4ms)[0m  [1m[34mSELECT  "reservations".* FROM "reservations" WHERE "reservations"."table_id" = ? AND (start > '2019-03-01 02:00:01' OR end <= '2019-03-01 03:00:00') LIMIT ?[0m  [["table_id", 1], ["LIMIT", 11]]
  [1m[36mTable Load (0.2ms)[0m  [1m[34mSELECT  "tables".* FROM "tables" ORDER BY "tables"."id" ASC LIMIT ?[0m  [["LIMIT", 1]]
  [1m[36mReservation Load (0.3ms)[0m  [1m[34mSELECT  "reservations".* FROM "reservations" WHERE "reservations"."table_id" = ? AND (start > '2019-03-01 02:00:01' OR end < '2019-03-01 03:00:00') LIMIT ?[0m  [["table_id", 1], ["LIMIT", 11]]
  [1m[36mTable Load (0.2ms)[0m  [1m[34mSELECT  "tables".* FROM "tables" ORDER BY "tables"."id" ASC LIMIT ?[0m  [["LIMIT", 1]]
  [1m[36mReservation Load (0.3ms)[0m  [1m[34mSELECT  "reservations".* FROM "reservations" WHERE "reservations"."table_id" = ? AND (start > '2019-03-01 02:00:01' OR end > '2019-03-01 03:00:00') LIMIT ?[0m  [["table_id", 1], ["LIMIT", 11]]
  [1m[36mTable Load (0.2ms)[0m  [1m[34mSELECT  "tables".* FROM "tables" ORDER BY "tables"."id" ASC LIMIT ?[0m  [["LIMIT", 1]]
  [1m[36mReservation Load (0.4ms)[0m  [1m[34mSELECT  "reservations".* FROM "reservations" WHERE "reservations"."table_id" = ? AND (start > '2019-03-01 02:00:00' OR end > '2019-03-01 03:00:00') LIMIT ?[0m  [["table_id", 1], ["LIMIT", 11]]
  [1m[36mTable Load (0.2ms)[0m  [1m[34mSELECT  "tables".* FROM "tables" ORDER BY "tables"."id" ASC LIMIT ?[0m  [["LIMIT", 1]]
  [1m[36mReservation Load (0.4ms)[0m  [1m[34mSELECT  "reservations".* FROM "reservations" WHERE "reservations"."table_id" = ? AND (start >= '2019-03-01 02:00:00' OR end > '2019-03-01 03:00:00') LIMIT ?[0m  [["table_id", 1], ["LIMIT", 11]]
  [1m[36mTable Load (0.2ms)[0m  [1m[34mSELECT  "tables".* FROM "tables" ORDER BY "tables"."id" ASC LIMIT ?[0m  [["LIMIT", 1]]
  [1m[36mReservation Load (0.4ms)[0m  [1m[34mSELECT  "reservations".* FROM "reservations" WHERE "reservations"."table_id" = ? AND (start >= '2019-03-01 01:00:00' OR end > '2019-03-01 03:00:00') LIMIT ?[0m  [["table_id", 1], ["LIMIT", 11]]
  [1m[36mTable Load (0.1ms)[0m  [1m[34mSELECT  "tables".* FROM "tables" ORDER BY "tables"."id" ASC LIMIT ?[0m  [["LIMIT", 1]]
  [1m[36mReservation Load (0.1ms)[0m  [1m[34mSELECT  "reservations".* FROM "reservations" WHERE "reservations"."table_id" = ? LIMIT ?[0m  [["table_id", 1], ["LIMIT", 11]]
  [1m[36mTable Load (0.2ms)[0m  [1m[34mSELECT  "tables".* FROM "tables" ORDER BY "tables"."id" ASC LIMIT ?[0m  [["LIMIT", 1]]
  [1m[36mReservation Load (0.3ms)[0m  [1m[34mSELECT  "reservations".* FROM "reservations" WHERE "reservations"."table_id" = ? AND (end >= '2019-03-01 01:00:00' OR start <= '2019-03-01 03:00:00') LIMIT ?[0m  [["table_id", 1], ["LIMIT", 11]]
  [1m[36mTable Load (0.1ms)[0m  [1m[34mSELECT  "tables".* FROM "tables" ORDER BY "tables"."id" ASC LIMIT ?[0m  [["LIMIT", 1]]
  [1m[36mReservation Load (0.2ms)[0m  [1m[34mSELECT  "reservations".* FROM "reservations" WHERE "reservations"."table_id" = ? AND (end >= '2019-03-01 02:00:00' OR start <= '2019-03-01 03:00:00') LIMIT ?[0m  [["table_id", 1], ["LIMIT", 11]]
  [1m[36mTable Load (0.1ms)[0m  [1m[34mSELECT  "tables".* FROM "tables" ORDER BY "tables"."id" ASC LIMIT ?[0m  [["LIMIT", 1]]
  [1m[36mReservation Load (0.2ms)[0m  [1m[34mSELECT  "reservations".* FROM "reservations" WHERE "reservations"."table_id" = ? AND (end >= '2019-03-01 02:00:01' OR start <= '2019-03-01 03:00:00') LIMIT ?[0m  [["table_id", 1], ["LIMIT", 11]]
  [1m[36mTable Load (0.2ms)[0m  [1m[34mSELECT  "tables".* FROM "tables" ORDER BY "tables"."id" ASC LIMIT ?[0m  [["LIMIT", 1]]
  [1m[36mReservation Load (0.3ms)[0m  [1m[34mSELECT  "reservations".* FROM "reservations" WHERE "reservations"."table_id" = ? AND (end >= '2019-03-01 02:00:01' OR start <= '2019-03-01 03:00:00') LIMIT ?[0m  [["table_id", 1], ["LIMIT", 11]]
  [1m[36mTable Load (0.2ms)[0m  [1m[34mSELECT  "tables".* FROM "tables" ORDER BY "tables"."id" ASC LIMIT ?[0m  [["LIMIT", 1]]
  [1m[36mTable Load (0.2ms)[0m  [1m[34mSELECT  "tables".* FROM "tables" ORDER BY "tables"."id" ASC LIMIT ?[0m  [["LIMIT", 1]]
  [1m[36mReservation Load (0.3ms)[0m  [1m[34mSELECT  "reservations".* FROM "reservations" WHERE "reservations"."table_id" = ? AND (end >= '2019-03-01 02:00:01') LIMIT ?[0m  [["table_id", 1], ["LIMIT", 11]]
  [1m[36mTable Load (0.2ms)[0m  [1m[34mSELECT  "tables".* FROM "tables" ORDER BY "tables"."id" ASC LIMIT ?[0m  [["LIMIT", 1]]
  [1m[36mReservation Load (0.4ms)[0m  [1m[34mSELECT  "reservations".* FROM "reservations" WHERE "reservations"."table_id" = ? AND (end >= '2019-03-01 02:00:01' AND start <= '2019-03-01 03:00:00') LIMIT ?[0m  [["table_id", 1], ["LIMIT", 11]]
  [1m[36mTable Load (0.2ms)[0m  [1m[34mSELECT  "tables".* FROM "tables" ORDER BY "tables"."id" ASC LIMIT ?[0m  [["LIMIT", 1]]
  [1m[36mReservation Load (0.3ms)[0m  [1m[34mSELECT  "reservations".* FROM "reservations" WHERE "reservations"."table_id" = ? AND (end >= '2019-03-01 02:00:00' AND start <= '2019-03-01 03:00:00') LIMIT ?[0m  [["table_id", 1], ["LIMIT", 11]]
  [1m[36mTable Load (0.2ms)[0m  [1m[34mSELECT  "tables".* FROM "tables" ORDER BY "tables"."id" ASC LIMIT ?[0m  [["LIMIT", 1]]
  [1m[36mReservation Load (0.3ms)[0m  [1m[34mSELECT  "reservations".* FROM "reservations" WHERE "reservations"."table_id" = ? AND (end >= '2019-03-01 02:00:01' AND start <= '2019-03-01 03:00:00') LIMIT ?[0m  [["table_id", 1], ["LIMIT", 11]]
  [1m[36mTable Load (0.2ms)[0m  [1m[34mSELECT  "tables".* FROM "tables" ORDER BY "tables"."id" ASC LIMIT ?[0m  [["LIMIT", 1]]
  [1m[36mReservation Load (0.4ms)[0m  [1m[34mSELECT  "reservations".* FROM "reservations" WHERE "reservations"."table_id" = ? AND (end > '2019-03-01 02:00:00' AND start <= '2019-03-01 03:00:00') LIMIT ?[0m  [["table_id", 1], ["LIMIT", 11]]
  [1m[36mTable Load (0.2ms)[0m  [1m[34mSELECT  "tables".* FROM "tables" ORDER BY "tables"."id" ASC LIMIT ?[0m  [["LIMIT", 1]]
  [1m[36mReservation Load (0.3ms)[0m  [1m[34mSELECT  "reservations".* FROM "reservations" WHERE "reservations"."table_id" = ? AND (end >= '2019-03-01 02:00:00' AND start <= '2019-03-01 03:00:00') LIMIT ?[0m  [["table_id", 1], ["LIMIT", 11]]
  [1m[36mTable Load (0.2ms)[0m  [1m[34mSELECT  "tables".* FROM "tables" ORDER BY "tables"."id" ASC LIMIT ?[0m  [["LIMIT", 1]]
  [1m[36mReservation Exists (0.3ms)[0m  [1m[34mSELECT  1 AS one FROM "reservations" WHERE "reservations"."table_id" = ? AND (end >= '2019-03-01 02:00:00' AND start <= '2019-03-01 03:00:00') LIMIT ?[0m  [["table_id", 1], ["LIMIT", 1]]
  [1m[36mTable Load (0.2ms)[0m  [1m[34mSELECT  "tables".* FROM "tables" ORDER BY "tables"."id" ASC LIMIT ?[0m  [["LIMIT", 1]]
  [1m[36mReservation Exists (0.3ms)[0m  [1m[34mSELECT  1 AS one FROM "reservations" WHERE "reservations"."table_id" = ? AND (end >= '2019-03-01 02:00:01' AND start <= '2019-03-01 03:00:00') LIMIT ?[0m  [["table_id", 1], ["LIMIT", 1]]
  [1m[36mUser Load (0.3ms)[0m  [1m[34mSELECT  "users".* FROM "users" ORDER BY "users"."id" DESC LIMIT ?[0m  [["LIMIT", 1]]
  [1m[36mTable Load (0.3ms)[0m  [1m[34mSELECT  "tables".* FROM "tables" ORDER BY "tables"."id" DESC LIMIT ?[0m  [["LIMIT", 1]]
  [1m[36mUser Load (0.1ms)[0m  [1m[34mSELECT  "users".* FROM "users" ORDER BY "users"."id" DESC LIMIT ?[0m  [["LIMIT", 1]]
  [1m[36mTable Load (0.1ms)[0m  [1m[34mSELECT  "tables".* FROM "tables" ORDER BY "tables"."id" DESC LIMIT ?[0m  [["LIMIT", 1]]
  [1m[36mUser Load (0.2ms)[0m  [1m[34mSELECT  "users".* FROM "users" ORDER BY "users"."id" DESC LIMIT ?[0m  [["LIMIT", 1]]
  [1m[36mTable Load (0.2ms)[0m  [1m[34mSELECT  "tables".* FROM "tables" ORDER BY "tables"."id" DESC LIMIT ?[0m  [["LIMIT", 1]]
  [1m[35m (0.1ms)[0m  [1m[36mbegin transaction[0m
  [1m[35m (0.1ms)[0m  [1m[31mrollback transaction[0m
  [1m[36mUser Load (0.1ms)[0m  [1m[34mSELECT  "users".* FROM "users" ORDER BY "users"."id" DESC LIMIT ?[0m  [["LIMIT", 1]]
  [1m[36mTable Load (0.1ms)[0m  [1m[34mSELECT  "tables".* FROM "tables" ORDER BY "tables"."id" DESC LIMIT ?[0m  [["LIMIT", 1]]
  [1m[35m (0.0ms)[0m  [1m[36mbegin transaction[0m
  [1m[35m (0.0ms)[0m  [1m[31mrollback transaction[0m
  [1m[36mUser Load (0.1ms)[0m  [1m[34mSELECT  "users".* FROM "users" ORDER BY "users"."id" DESC LIMIT ?[0m  [["LIMIT", 1]]
  [1m[36mTable Load (0.1ms)[0m  [1m[34mSELECT  "tables".* FROM "tables" ORDER BY "tables"."id" DESC LIMIT ?[0m  [["LIMIT", 1]]
  [1m[35m (0.0ms)[0m  [1m[36mbegin transaction[0m
  [1m[35m (0.0ms)[0m  [1m[31mrollback transaction[0m
  [1m[36mUser Load (0.1ms)[0m  [1m[34mSELECT  "users".* FROM "users" ORDER BY "users"."id" DESC LIMIT ?[0m  [["LIMIT", 1]]
  [1m[36mTable Load (0.1ms)[0m  [1m[34mSELECT  "tables".* FROM "tables" ORDER BY "tables"."id" DESC LIMIT ?[0m  [["LIMIT", 1]]
  [1m[35m (0.1ms)[0m  [1m[36mbegin transaction[0m
  [1m[35m (0.1ms)[0m  [1m[31mrollback transaction[0m
  [1m[36mUser Load (0.1ms)[0m  [1m[34mSELECT  "users".* FROM "users" ORDER BY "users"."id" DESC LIMIT ?[0m  [["LIMIT", 1]]
  [1m[36mTable Load (0.0ms)[0m  [1m[34mSELECT  "tables".* FROM "tables" ORDER BY "tables"."id" DESC LIMIT ?[0m  [["LIMIT", 1]]
  [1m[35m (0.0ms)[0m  [1m[36mbegin transaction[0m
  [1m[35m (0.0ms)[0m  [1m[31mrollback transaction[0m
  [1m[36mUser Load (0.1ms)[0m  [1m[34mSELECT  "users".* FROM "users" ORDER BY "users"."id" DESC LIMIT ?[0m  [["LIMIT", 1]]
  [1m[36mTable Load (0.1ms)[0m  [1m[34mSELECT  "tables".* FROM "tables" ORDER BY "tables"."id" DESC LIMIT ?[0m  [["LIMIT", 1]]
  [1m[35m (0.1ms)[0m  [1m[36mbegin transaction[0m
  [1m[35m (0.0ms)[0m  [1m[31mrollback transaction[0m
  [1m[36mUser Load (0.1ms)[0m  [1m[34mSELECT  "users".* FROM "users" ORDER BY "users"."id" DESC LIMIT ?[0m  [["LIMIT", 1]]
  [1m[36mTable Load (0.1ms)[0m  [1m[34mSELECT  "tables".* FROM "tables" ORDER BY "tables"."id" DESC LIMIT ?[0m  [["LIMIT", 1]]
  [1m[35m (0.1ms)[0m  [1m[36mbegin transaction[0m
  [1m[35m (0.1ms)[0m  [1m[31mrollback transaction[0m
  [1m[36mUser Load (0.2ms)[0m  [1m[34mSELECT  "users".* FROM "users" ORDER BY "users"."id" DESC LIMIT ?[0m  [["LIMIT", 1]]
  [1m[36mTable Load (0.2ms)[0m  [1m[34mSELECT  "tables".* FROM "tables" ORDER BY "tables"."id" DESC LIMIT ?[0m  [["LIMIT", 1]]
  [1m[35m (0.1ms)[0m  [1m[36mbegin transaction[0m
  [1m[35m (0.1ms)[0m  [1m[31mrollback transaction[0m
  [1m[36mUser Load (0.1ms)[0m  [1m[34mSELECT  "users".* FROM "users" ORDER BY "users"."id" DESC LIMIT ?[0m  [["LIMIT", 1]]
  [1m[36mTable Load (0.1ms)[0m  [1m[34mSELECT  "tables".* FROM "tables" ORDER BY "tables"."id" DESC LIMIT ?[0m  [["LIMIT", 1]]
  [1m[35m (0.1ms)[0m  [1m[36mbegin transaction[0m
  [1m[36mReservation Exists (0.2ms)[0m  [1m[34mSELECT  1 AS one FROM "reservations" WHERE (table_id = 1 AND end > '2019-03-01 01:00:00' AND start < '2019-03-01 03:00:00') LIMIT ?[0m  [["LIMIT", 1]]
  [1m[35m (0.0ms)[0m  [1m[31mrollback transaction[0m
  [1m[36mUser Load (0.1ms)[0m  [1m[34mSELECT  "users".* FROM "users" ORDER BY "users"."id" DESC LIMIT ?[0m  [["LIMIT", 1]]
  [1m[36mTable Load (0.1ms)[0m  [1m[34mSELECT  "tables".* FROM "tables" ORDER BY "tables"."id" DESC LIMIT ?[0m  [["LIMIT", 1]]
  [1m[35m (0.0ms)[0m  [1m[36mbegin transaction[0m
  [1m[36mReservation Exists (0.1ms)[0m  [1m[34mSELECT  1 AS one FROM "reservations" WHERE (table_id = 1 AND end > '2019-03-01 01:00:00' AND start < '2019-03-01 03:00:00') LIMIT ?[0m  [["LIMIT", 1]]
  [1m[35m (0.0ms)[0m  [1m[31mrollback transaction[0m
  [1m[36mUser Load (0.1ms)[0m  [1m[34mSELECT  "users".* FROM "users" ORDER BY "users"."id" DESC LIMIT ?[0m  [["LIMIT", 1]]
  [1m[36mTable Load (0.0ms)[0m  [1m[34mSELECT  "tables".* FROM "tables" ORDER BY "tables"."id" DESC LIMIT ?[0m  [["LIMIT", 1]]
  [1m[35m (0.0ms)[0m  [1m[36mbegin transaction[0m
  [1m[36mReservation Exists (0.1ms)[0m  [1m[34mSELECT  1 AS one FROM "reservations" WHERE (table_id = 1 AND end > '2019-03-01 01:00:00' AND start < '2019-03-01 03:00:00') LIMIT ?[0m  [["LIMIT", 1]]
  [1m[35m (0.0ms)[0m  [1m[31mrollback transaction[0m
  [1m[36mUser Load (0.1ms)[0m  [1m[34mSELECT  "users".* FROM "users" ORDER BY "users"."id" DESC LIMIT ?[0m  [["LIMIT", 1]]
  [1m[36mTable Load (0.1ms)[0m  [1m[34mSELECT  "tables".* FROM "tables" ORDER BY "tables"."id" DESC LIMIT ?[0m  [["LIMIT", 1]]
  [1m[35m (0.1ms)[0m  [1m[36mbegin transaction[0m
  [1m[36mReservation Exists (0.2ms)[0m  [1m[34mSELECT  1 AS one FROM "reservations" WHERE (table_id = 1 AND end > '2019-03-01 01:00:00' AND start < '2019-03-01 03:00:00') LIMIT ?[0m  [["LIMIT", 1]]
  [1m[35m (0.0ms)[0m  [1m[31mrollback transaction[0m
  [1m[36mReservation Load (0.3ms)[0m  [1m[34mSELECT  "reservations".* FROM "reservations" LIMIT ?[0m  [["LIMIT", 11]]
  [1m[36mUser Load (0.2ms)[0m  [1m[34mSELECT  "users".* FROM "users" ORDER BY "users"."id" DESC LIMIT ?[0m  [["LIMIT", 1]]
  [1m[36mTable Load (0.1ms)[0m  [1m[34mSELECT  "tables".* FROM "tables" ORDER BY "tables"."id" DESC LIMIT ?[0m  [["LIMIT", 1]]
  [1m[35m (0.1ms)[0m  [1m[36mbegin transaction[0m
  [1m[36mReservation Exists (0.3ms)[0m  [1m[34mSELECT  1 AS one FROM "reservations" WHERE (table_id = 1 AND end > '2019-03-01 01:00:00' AND start < '2019-03-01 03:00:00') LIMIT ?[0m  [["LIMIT", 1]]
  [1m[35m (0.1ms)[0m  [1m[31mrollback transaction[0m
  [1m[36mUser Load (0.2ms)[0m  [1m[34mSELECT  "users".* FROM "users" ORDER BY "users"."id" DESC LIMIT ?[0m  [["LIMIT", 1]]
  [1m[36mTable Load (0.1ms)[0m  [1m[34mSELECT  "tables".* FROM "tables" ORDER BY "tables"."id" DESC LIMIT ?[0m  [["LIMIT", 1]]
  [1m[35m (0.1ms)[0m  [1m[36mbegin transaction[0m
  [1m[36mReservation Exists (0.3ms)[0m  [1m[34mSELECT  1 AS one FROM "reservations" WHERE (table_id = 1 AND end > '2019-03-01 01:00:00' AND start < '2019-03-01 03:00:00') LIMIT ?[0m  [["LIMIT", 1]]
  [1m[35m (0.1ms)[0m  [1m[31mrollback transaction[0m
  [1m[36mUser Load (0.3ms)[0m  [1m[34mSELECT  "users".* FROM "users" ORDER BY "users"."id" DESC LIMIT ?[0m  [["LIMIT", 1]]
  [1m[36mTable Load (0.1ms)[0m  [1m[34mSELECT  "tables".* FROM "tables" ORDER BY "tables"."id" DESC LIMIT ?[0m  [["LIMIT", 1]]
  [1m[35m (0.1ms)[0m  [1m[36mbegin transaction[0m
  [1m[35m (0.0ms)[0m  [1m[31mrollback transaction[0m
  [1m[36mUser Load (0.2ms)[0m  [1m[34mSELECT  "users".* FROM "users" ORDER BY "users"."id" DESC LIMIT ?[0m  [["LIMIT", 1]]
  [1m[36mTable Load (0.1ms)[0m  [1m[34mSELECT  "tables".* FROM "tables" ORDER BY "tables"."id" DESC LIMIT ?[0m  [["LIMIT", 1]]
  [1m[35m (0.1ms)[0m  [1m[36mbegin transaction[0m
  [1m[35m (0.1ms)[0m  [1m[31mrollback transaction[0m
  [1m[36mUser Load (0.1ms)[0m  [1m[34mSELECT  "users".* FROM "users" ORDER BY "users"."id" DESC LIMIT ?[0m  [["LIMIT", 1]]
  [1m[36mTable Load (0.1ms)[0m  [1m[34mSELECT  "tables".* FROM "tables" ORDER BY "tables"."id" DESC LIMIT ?[0m  [["LIMIT", 1]]
  [1m[35m (0.1ms)[0m  [1m[36mbegin transaction[0m
  [1m[36mReservation Exists (0.2ms)[0m  [1m[34mSELECT  1 AS one FROM "reservations" WHERE (table_id = 1 AND end > '2019-03-01 01:00:00' AND start < '2019-03-01 03:00:00') LIMIT ?[0m  [["LIMIT", 1]]
  [1m[36mReservation Create (0.4ms)[0m  [1m[32mINSERT INTO "reservations" ("user_id", "table_id", "start", "end", "created_at", "updated_at") VALUES (?, ?, ?, ?, ?, ?)[0m  [["user_id", 1], ["table_id", 1], ["start", "2019-03-01 01:00:00"], ["end", "2019-03-01 03:00:00"], ["created_at", "2019-02-28 12:17:47.266943"], ["updated_at", "2019-02-28 12:17:47.266943"]]
  [1m[35m (7.9ms)[0m  [1m[36mcommit transaction[0m
  [1m[36mUser Load (0.1ms)[0m  [1m[34mSELECT  "users".* FROM "users" ORDER BY "users"."id" DESC LIMIT ?[0m  [["LIMIT", 1]]
  [1m[36mTable Load (0.1ms)[0m  [1m[34mSELECT  "tables".* FROM "tables" ORDER BY "tables"."id" DESC LIMIT ?[0m  [["LIMIT", 1]]
  [1m[35m (0.1ms)[0m  [1m[36mbegin transaction[0m
  [1m[36mReservation Exists (0.2ms)[0m  [1m[34mSELECT  1 AS one FROM "reservations" WHERE (table_id = 1 AND end > '2019-03-01 01:00:00' AND start < '2019-03-01 03:00:00') LIMIT ?[0m  [["LIMIT", 1]]
  [1m[35m (0.1ms)[0m  [1m[31mrollback transaction[0m
  [1m[36mRestaurant Load (0.3ms)[0m  [1m[34mSELECT  "restaurants".* FROM "restaurants" ORDER BY "restaurants"."id" DESC LIMIT ?[0m  [["LIMIT", 1]]
  [1m[36mRestaurant Load (0.2ms)[0m  [1m[34mSELECT  "restaurants".* FROM "restaurants" ORDER BY "restaurants"."id" DESC LIMIT ?[0m  [["LIMIT", 1]]
  [1m[36mReservation Load (0.5ms)[0m  [1m[34mSELECT  "reservations".* FROM "reservations" WHERE (opens > '23:00:00' AND closes < '11:19:21') LIMIT ?[0m  [["LIMIT", 11]]
  [1m[36mRestaurant Load (0.2ms)[0m  [1m[34mSELECT  "restaurants".* FROM "restaurants" ORDER BY "restaurants"."id" DESC LIMIT ?[0m  [["LIMIT", 1]]
  [1m[36mReservation Load (0.9ms)[0m  [1m[34mSELECT  "reservations".* FROM "reservations" WHERE (opens > '23:00:00' AND closes < '11:19:21') LIMIT ?[0m  [["LIMIT", 11]]
  [1m[36mRestaurant Load (0.2ms)[0m  [1m[34mSELECT  "restaurants".* FROM "restaurants" ORDER BY "restaurants"."id" DESC LIMIT ?[0m  [["LIMIT", 1]]
  [1m[36mRestaurant Load (0.1ms)[0m  [1m[34mSELECT  "restaurants".* FROM "restaurants" WHERE (opens > '23:00:00' AND closes < '11:19:21') LIMIT ?[0m  [["LIMIT", 11]]
  [1m[36mRestaurant Load (0.1ms)[0m  [1m[34mSELECT  "restaurants".* FROM "restaurants" ORDER BY "restaurants"."id" DESC LIMIT ?[0m  [["LIMIT", 1]]
  [1m[36mRestaurant Load (0.2ms)[0m  [1m[34mSELECT  "restaurants".* FROM "restaurants" ORDER BY "restaurants"."id" DESC LIMIT ?[0m  [["LIMIT", 1]]
  [1m[36mRestaurant Load (0.1ms)[0m  [1m[34mSELECT  "restaurants".* FROM "restaurants" ORDER BY "restaurants"."id" DESC LIMIT ?[0m  [["LIMIT", 1]]
  [1m[36mRestaurant Load (0.2ms)[0m  [1m[34mSELECT  "restaurants".* FROM "restaurants" ORDER BY "restaurants"."id" DESC LIMIT ?[0m  [["LIMIT", 1]]
  [1m[36mRestaurant Load (0.3ms)[0m  [1m[34mSELECT  "restaurants".* FROM "restaurants" ORDER BY "restaurants"."id" DESC LIMIT ?[0m  [["LIMIT", 1]]
  [1m[36mRestaurant Load (0.3ms)[0m  [1m[34mSELECT  "restaurants".* FROM "restaurants" ORDER BY "restaurants"."id" DESC LIMIT ?[0m  [["LIMIT", 1]]
  [1m[36mRestaurant Load (0.1ms)[0m  [1m[34mSELECT  "restaurants".* FROM "restaurants" ORDER BY "restaurants"."id" DESC LIMIT ?[0m  [["LIMIT", 1]]
  [1m[36mRestaurant Load (0.1ms)[0m  [1m[34mSELECT  "restaurants".* FROM "restaurants" ORDER BY "restaurants"."id" DESC LIMIT ?[0m  [["LIMIT", 1]]
  [1m[36mRestaurant Load (0.1ms)[0m  [1m[34mSELECT  "restaurants".* FROM "restaurants" ORDER BY "restaurants"."id" DESC LIMIT ?[0m  [["LIMIT", 1]]
  [1m[36mRestaurant Load (0.2ms)[0m  [1m[34mSELECT  "restaurants".* FROM "restaurants" ORDER BY "restaurants"."id" DESC LIMIT ?[0m  [["LIMIT", 1]]
  [1m[36mRestaurant Load (0.2ms)[0m  [1m[34mSELECT  "restaurants".* FROM "restaurants" ORDER BY "restaurants"."id" DESC LIMIT ?[0m  [["LIMIT", 1]]
  [1m[36mRestaurant Load (0.2ms)[0m  [1m[34mSELECT  "restaurants".* FROM "restaurants" ORDER BY "restaurants"."id" DESC LIMIT ?[0m  [["LIMIT", 1]]
  [1m[36mRestaurant Load (0.1ms)[0m  [1m[34mSELECT  "restaurants".* FROM "restaurants" ORDER BY "restaurants"."id" DESC LIMIT ?[0m  [["LIMIT", 1]]
  [1m[36mRestaurant Load (0.2ms)[0m  [1m[34mSELECT  "restaurants".* FROM "restaurants" ORDER BY "restaurants"."id" DESC LIMIT ?[0m  [["LIMIT", 1]]
  [1m[36mRestaurant Load (0.2ms)[0m  [1m[34mSELECT  "restaurants".* FROM "restaurants" ORDER BY "restaurants"."id" DESC LIMIT ?[0m  [["LIMIT", 1]]
  [1m[36mRestaurant Load (0.3ms)[0m  [1m[34mSELECT  "restaurants".* FROM "restaurants" ORDER BY "restaurants"."id" DESC LIMIT ?[0m  [["LIMIT", 1]]
  [1m[36mRestaurant Load (0.2ms)[0m  [1m[34mSELECT  "restaurants".* FROM "restaurants" ORDER BY "restaurants"."id" DESC LIMIT ?[0m  [["LIMIT", 1]]
  [1m[36mRestaurant Load (0.3ms)[0m  [1m[34mSELECT  "restaurants".* FROM "restaurants" ORDER BY "restaurants"."id" DESC LIMIT ?[0m  [["LIMIT", 1]]
  [1m[36mRestaurant Load (0.1ms)[0m  [1m[34mSELECT  "restaurants".* FROM "restaurants" ORDER BY "restaurants"."id" DESC LIMIT ?[0m  [["LIMIT", 1]]
  [1m[36mRestaurant Load (0.2ms)[0m  [1m[34mSELECT  "restaurants".* FROM "restaurants" ORDER BY "restaurants"."id" DESC LIMIT ?[0m  [["LIMIT", 1]]
  [1m[36mRestaurant Load (0.1ms)[0m  [1m[34mSELECT  "restaurants".* FROM "restaurants" ORDER BY "restaurants"."id" DESC LIMIT ?[0m  [["LIMIT", 1]]
  [1m[36mRestaurant Load (0.2ms)[0m  [1m[34mSELECT  "restaurants".* FROM "restaurants" ORDER BY "restaurants"."id" DESC LIMIT ?[0m  [["LIMIT", 1]]
  [1m[36mRestaurant Load (0.1ms)[0m  [1m[34mSELECT  "restaurants".* FROM "restaurants" ORDER BY "restaurants"."id" DESC LIMIT ?[0m  [["LIMIT", 1]]
  [1m[36mUser Load (0.1ms)[0m  [1m[34mSELECT  "users".* FROM "users" ORDER BY "users"."id" DESC LIMIT ?[0m  [["LIMIT", 1]]
  [1m[36mTable Load (0.1ms)[0m  [1m[34mSELECT  "tables".* FROM "tables" ORDER BY "tables"."id" DESC LIMIT ?[0m  [["LIMIT", 1]]
  [1m[35m (0.1ms)[0m  [1m[36mbegin transaction[0m
  [1m[35m (0.0ms)[0m  [1m[31mrollback transaction[0m
  [1m[36mRestaurant Load (0.1ms)[0m  [1m[34mSELECT  "restaurants".* FROM "restaurants" ORDER BY "restaurants"."id" DESC LIMIT ?[0m  [["LIMIT", 1]]
  [1m[36mRestaurant Load (0.2ms)[0m  [1m[34mSELECT  "restaurants".* FROM "restaurants" ORDER BY "restaurants"."id" DESC LIMIT ?[0m  [["LIMIT", 1]]
  [1m[36mRestaurant Load (0.1ms)[0m  [1m[34mSELECT  "restaurants".* FROM "restaurants" ORDER BY "restaurants"."id" DESC LIMIT ?[0m  [["LIMIT", 1]]
  [1m[36mReservation Load (0.2ms)[0m  [1m[34mSELECT  "reservations".* FROM "reservations" INNER JOIN "tables" ON "reservations"."table_id" = "tables"."id" WHERE "tables"."restaurant_id" = ? LIMIT ?[0m  [["restaurant_id", 1], ["LIMIT", 11]]
  [1m[36mUser Load (0.1ms)[0m  [1m[34mSELECT  "users".* FROM "users" ORDER BY "users"."id" DESC LIMIT ?[0m  [["LIMIT", 1]]
  [1m[36mTable Load (0.2ms)[0m  [1m[34mSELECT  "tables".* FROM "tables" ORDER BY "tables"."id" DESC LIMIT ?[0m  [["LIMIT", 1]]
  [1m[35m (0.1ms)[0m  [1m[36mbegin transaction[0m
  [1m[35m (0.0ms)[0m  [1m[31mrollback transaction[0m
  [1m[36mUser Load (0.1ms)[0m  [1m[34mSELECT  "users".* FROM "users" ORDER BY "users"."id" DESC LIMIT ?[0m  [["LIMIT", 1]]
  [1m[36mTable Load (0.1ms)[0m  [1m[34mSELECT  "tables".* FROM "tables" ORDER BY "tables"."id" DESC LIMIT ?[0m  [["LIMIT", 1]]
  [1m[35m (0.1ms)[0m  [1m[36mbegin transaction[0m
  [1m[35m (0.1ms)[0m  [1m[31mrollback transaction[0m
  [1m[36mReservation Load (0.4ms)[0m  [1m[34mSELECT  "reservations".* FROM "reservations" ORDER BY "reservations"."id" DESC LIMIT ?[0m  [["LIMIT", 1]]
  [1m[36mReservation Load (0.2ms)[0m  [1m[34mSELECT  "reservations".* FROM "reservations" ORDER BY "reservations"."id" DESC LIMIT ?[0m  [["LIMIT", 1]]
  [1m[36mReservation Load (0.2ms)[0m  [1m[34mSELECT  "reservations".* FROM "reservations" ORDER BY "reservations"."id" DESC LIMIT ?[0m  [["LIMIT", 1]]
  [1m[36mTable Load (0.4ms)[0m  [1m[34mSELECT  "tables".* FROM "tables" WHERE "tables"."id" = ? LIMIT ?[0m  [["id", 1], ["LIMIT", 1]]
  [1m[36mReservation Load (0.2ms)[0m  [1m[34mSELECT  "reservations".* FROM "reservations" ORDER BY "reservations"."id" DESC LIMIT ?[0m  [["LIMIT", 1]]
  [1m[36mTable Load (0.1ms)[0m  [1m[34mSELECT  "tables".* FROM "tables" WHERE "tables"."id" = ? LIMIT ?[0m  [["id", 1], ["LIMIT", 1]]
  [1m[36mReservation Load (0.2ms)[0m  [1m[34mSELECT  "reservations".* FROM "reservations" ORDER BY "reservations"."id" DESC LIMIT ?[0m  [["LIMIT", 1]]
  [1m[36mTable Load (0.1ms)[0m  [1m[34mSELECT  "tables".* FROM "tables" WHERE "tables"."id" = ? LIMIT ?[0m  [["id", 1], ["LIMIT", 1]]
  [1m[36mRestaurant Load (0.2ms)[0m  [1m[34mSELECT  "restaurants".* FROM "restaurants" WHERE "restaurants"."id" = ? LIMIT ?[0m  [["id", 1], ["LIMIT", 1]]
  [1m[36mReservation Load (0.1ms)[0m  [1m[34mSELECT  "reservations".* FROM "reservations" ORDER BY "reservations"."id" DESC LIMIT ?[0m  [["LIMIT", 1]]
  [1m[36mTable Load (0.1ms)[0m  [1m[34mSELECT  "tables".* FROM "tables" WHERE "tables"."id" = ? LIMIT ?[0m  [["id", 1], ["LIMIT", 1]]
  [1m[36mRestaurant Load (0.1ms)[0m  [1m[34mSELECT  "restaurants".* FROM "restaurants" WHERE "restaurants"."id" = ? LIMIT ?[0m  [["id", 1], ["LIMIT", 1]]
  [1m[36mUser Load (0.2ms)[0m  [1m[34mSELECT  "users".* FROM "users" ORDER BY "users"."id" DESC LIMIT ?[0m  [["LIMIT", 1]]
  [1m[36mTable Load (0.3ms)[0m  [1m[34mSELECT  "tables".* FROM "tables" ORDER BY "tables"."id" DESC LIMIT ?[0m  [["LIMIT", 1]]
  [1m[35m (0.1ms)[0m  [1m[36mbegin transaction[0m
  [1m[35m (0.1ms)[0m  [1m[31mrollback transaction[0m
  [1m[36mUser Load (0.3ms)[0m  [1m[34mSELECT  "users".* FROM "users" ORDER BY "users"."id" DESC LIMIT ?[0m  [["LIMIT", 1]]
  [1m[36mTable Load (0.2ms)[0m  [1m[34mSELECT  "tables".* FROM "tables" ORDER BY "tables"."id" DESC LIMIT ?[0m  [["LIMIT", 1]]
  [1m[35m (0.1ms)[0m  [1m[36mbegin transaction[0m
  [1m[35m (0.1ms)[0m  [1m[31mrollback transaction[0m
  [1m[36mUser Load (0.1ms)[0m  [1m[34mSELECT  "users".* FROM "users" ORDER BY "users"."id" DESC LIMIT ?[0m  [["LIMIT", 1]]
  [1m[36mTable Load (0.1ms)[0m  [1m[34mSELECT  "tables".* FROM "tables" ORDER BY "tables"."id" DESC LIMIT ?[0m  [["LIMIT", 1]]
  [1m[35m (0.1ms)[0m  [1m[36mbegin transaction[0m
  [1m[36mRestaurant Load (0.1ms)[0m  [1m[34mSELECT  "restaurants".* FROM "restaurants" WHERE "restaurants"."id" = ? LIMIT ?[0m  [["id", 1], ["LIMIT", 1]]
  [1m[35m (0.1ms)[0m  [1m[31mrollback transaction[0m
  [1m[36mUser Load (0.3ms)[0m  [1m[34mSELECT  "users".* FROM "users" ORDER BY "users"."id" DESC LIMIT ?[0m  [["LIMIT", 1]]
  [1m[36mTable Load (0.1ms)[0m  [1m[34mSELECT  "tables".* FROM "tables" ORDER BY "tables"."id" DESC LIMIT ?[0m  [["LIMIT", 1]]
  [1m[35m (0.1ms)[0m  [1m[36mbegin transaction[0m
  [1m[36mRestaurant Load (0.1ms)[0m  [1m[34mSELECT  "restaurants".* FROM "restaurants" WHERE "restaurants"."id" = ? LIMIT ?[0m  [["id", 1], ["LIMIT", 1]]
  [1m[35m (0.1ms)[0m  [1m[31mrollback transaction[0m
  [1m[36mUser Load (0.1ms)[0m  [1m[34mSELECT  "users".* FROM "users" ORDER BY "users"."id" DESC LIMIT ?[0m  [["LIMIT", 1]]
  [1m[36mTable Load (0.1ms)[0m  [1m[34mSELECT  "tables".* FROM "tables" ORDER BY "tables"."id" DESC LIMIT ?[0m  [["LIMIT", 1]]
  [1m[35m (0.1ms)[0m  [1m[36mbegin transaction[0m
  [1m[36mRestaurant Load (0.1ms)[0m  [1m[34mSELECT  "restaurants".* FROM "restaurants" WHERE "restaurants"."id" = ? LIMIT ?[0m  [["id", 1], ["LIMIT", 1]]
  [1m[36mReservation Exists (0.1ms)[0m  [1m[34mSELECT  1 AS one FROM "reservations" WHERE (table_id = 1 AND end > '2019-03-01 01:00:00' AND start < '2019-03-01 03:00:00') LIMIT ?[0m  [["LIMIT", 1]]
  [1m[35m (0.1ms)[0m  [1m[31mrollback transaction[0m
  [1m[36mUser Load (0.2ms)[0m  [1m[34mSELECT  "users".* FROM "users" ORDER BY "users"."id" DESC LIMIT ?[0m  [["LIMIT", 1]]
  [1m[36mTable Load (0.2ms)[0m  [1m[34mSELECT  "tables".* FROM "tables" ORDER BY "tables"."id" DESC LIMIT ?[0m  [["LIMIT", 1]]
  [1m[35m (0.2ms)[0m  [1m[36mbegin transaction[0m
  [1m[36mRestaurant Load (0.2ms)[0m  [1m[34mSELECT  "restaurants".* FROM "restaurants" WHERE "restaurants"."id" = ? LIMIT ?[0m  [["id", 1], ["LIMIT", 1]]
  [1m[36mReservation Exists (0.2ms)[0m  [1m[34mSELECT  1 AS one FROM "reservations" WHERE (table_id = 1 AND end > '2019-03-01 01:00:00' AND start < '2019-03-01 03:00:00') LIMIT ?[0m  [["LIMIT", 1]]
  [1m[35m (0.1ms)[0m  [1m[31mrollback transaction[0m
  [1m[36mUser Load (0.4ms)[0m  [1m[34mSELECT  "users".* FROM "users" ORDER BY "users"."id" DESC LIMIT ?[0m  [["LIMIT", 1]]
  [1m[36mTable Load (0.1ms)[0m  [1m[34mSELECT  "tables".* FROM "tables" ORDER BY "tables"."id" DESC LIMIT ?[0m  [["LIMIT", 1]]
  [1m[36mUser Load (0.1ms)[0m  [1m[34mSELECT  "users".* FROM "users" ORDER BY "users"."id" DESC LIMIT ?[0m  [["LIMIT", 1]]
  [1m[36mTable Load (0.1ms)[0m  [1m[34mSELECT  "tables".* FROM "tables" ORDER BY "tables"."id" DESC LIMIT ?[0m  [["LIMIT", 1]]
  [1m[36mUser Load (0.2ms)[0m  [1m[34mSELECT  "users".* FROM "users" ORDER BY "users"."id" DESC LIMIT ?[0m  [["LIMIT", 1]]
  [1m[36mTable Load (0.1ms)[0m  [1m[34mSELECT  "tables".* FROM "tables" ORDER BY "tables"."id" DESC LIMIT ?[0m  [["LIMIT", 1]]
  [1m[35m (0.1ms)[0m  [1m[36mbegin transaction[0m
  [1m[36mRestaurant Load (0.1ms)[0m  [1m[34mSELECT  "restaurants".* FROM "restaurants" WHERE "restaurants"."id" = ? LIMIT ?[0m  [["id", 1], ["LIMIT", 1]]
  [1m[36mReservation Exists (0.2ms)[0m  [1m[34mSELECT  1 AS one FROM "reservations" WHERE (table_id = 1 AND end > '2019-03-01 01:00:00' AND start < '2019-03-01 03:00:00') LIMIT ?[0m  [["LIMIT", 1]]
  [1m[35m (0.1ms)[0m  [1m[31mrollback transaction[0m
  [1m[36mUser Load (0.2ms)[0m  [1m[34mSELECT  "users".* FROM "users" ORDER BY "users"."id" DESC LIMIT ?[0m  [["LIMIT", 1]]
  [1m[36mTable Load (0.1ms)[0m  [1m[34mSELECT  "tables".* FROM "tables" ORDER BY "tables"."id" DESC LIMIT ?[0m  [["LIMIT", 1]]
  [1m[36mUser Load (0.1ms)[0m  [1m[34mSELECT  "users".* FROM "users" ORDER BY "users"."id" DESC LIMIT ?[0m  [["LIMIT", 1]]
  [1m[36mTable Load (0.1ms)[0m  [1m[34mSELECT  "tables".* FROM "tables" ORDER BY "tables"."id" DESC LIMIT ?[0m  [["LIMIT", 1]]
  [1m[35m (0.1ms)[0m  [1m[34mSELECT sqlite_version(*)[0m
  ↳ /home/krelly/.rvm/rubies/ruby-2.6.0/lib/ruby/gems/2.6.0/gems/rake-12.3.2/lib/rake/task.rb:273
  [1m[35m (17.9ms)[0m  [1m[35mCREATE TABLE "schema_migrations" ("version" varchar NOT NULL PRIMARY KEY)[0m
  ↳ /home/krelly/.rvm/rubies/ruby-2.6.0/lib/ruby/gems/2.6.0/gems/rake-12.3.2/lib/rake/task.rb:273
  [1m[35m (9.6ms)[0m  [1m[35mCREATE TABLE "ar_internal_metadata" ("key" varchar NOT NULL PRIMARY KEY, "value" varchar, "created_at" datetime NOT NULL, "updated_at" datetime NOT NULL)[0m
  ↳ /home/krelly/.rvm/rubies/ruby-2.6.0/lib/ruby/gems/2.6.0/gems/rake-12.3.2/lib/rake/task.rb:273
  [1m[35m (0.1ms)[0m  [1m[34mSELECT "schema_migrations"."version" FROM "schema_migrations" ORDER BY "schema_migrations"."version" ASC[0m
  ↳ /home/krelly/.rvm/rubies/ruby-2.6.0/lib/ruby/gems/2.6.0/gems/rake-12.3.2/lib/rake/task.rb:273
Migrating to CreateRestaurants (20190228110849)
  [1m[35m (0.0ms)[0m  [1m[36mbegin transaction[0m
  ↳ /home/krelly/.rvm/rubies/ruby-2.6.0/lib/ruby/gems/2.6.0/gems/rake-12.3.2/lib/rake/task.rb:273
  [1m[35m (0.3ms)[0m  [1m[35mCREATE TABLE "restaurants" ("id" integer PRIMARY KEY AUTOINCREMENT NOT NULL, "name" varchar, "opens" time, "closes" time, "created_at" datetime NOT NULL, "updated_at" datetime NOT NULL)[0m
  ↳ db/migrate/20190228110849_create_restaurants.rb:3
  [1m[36mActiveRecord::SchemaMigration Create (0.1ms)[0m  [1m[32mINSERT INTO "schema_migrations" ("version") VALUES (?)[0m  [["version", "20190228110849"]]
  ↳ /home/krelly/.rvm/rubies/ruby-2.6.0/lib/ruby/gems/2.6.0/gems/rake-12.3.2/lib/rake/task.rb:273
  [1m[35m (9.2ms)[0m  [1m[36mcommit transaction[0m
  ↳ /home/krelly/.rvm/rubies/ruby-2.6.0/lib/ruby/gems/2.6.0/gems/rake-12.3.2/lib/rake/task.rb:273
Migrating to CreateTables (20190228111052)
  [1m[35m (0.0ms)[0m  [1m[36mbegin transaction[0m
  ↳ /home/krelly/.rvm/rubies/ruby-2.6.0/lib/ruby/gems/2.6.0/gems/rake-12.3.2/lib/rake/task.rb:273
  [1m[35m (0.3ms)[0m  [1m[35mCREATE TABLE "tables" ("id" integer PRIMARY KEY AUTOINCREMENT NOT NULL, "seats" integer, "number" integer, "restaurant_id" integer, "created_at" datetime NOT NULL, "updated_at" datetime NOT NULL, CONSTRAINT "fk_rails_0700cfe41e"
FOREIGN KEY ("restaurant_id")
  REFERENCES "restaurants" ("id")
)[0m
  ↳ db/migrate/20190228111052_create_tables.rb:3
  [1m[35m (0.1ms)[0m  [1m[35mCREATE  INDEX "index_tables_on_restaurant_id" ON "tables" ("restaurant_id")[0m
  ↳ db/migrate/20190228111052_create_tables.rb:3
  [1m[36mActiveRecord::SchemaMigration Create (0.1ms)[0m  [1m[32mINSERT INTO "schema_migrations" ("version") VALUES (?)[0m  [["version", "20190228111052"]]
  ↳ /home/krelly/.rvm/rubies/ruby-2.6.0/lib/ruby/gems/2.6.0/gems/rake-12.3.2/lib/rake/task.rb:273
  [1m[35m (5.9ms)[0m  [1m[36mcommit transaction[0m
  ↳ /home/krelly/.rvm/rubies/ruby-2.6.0/lib/ruby/gems/2.6.0/gems/rake-12.3.2/lib/rake/task.rb:273
Migrating to CreateUsers (20190228111329)
  [1m[35m (0.0ms)[0m  [1m[36mbegin transaction[0m
  ↳ /home/krelly/.rvm/rubies/ruby-2.6.0/lib/ruby/gems/2.6.0/gems/rake-12.3.2/lib/rake/task.rb:273
  [1m[35m (0.2ms)[0m  [1m[35mCREATE TABLE "users" ("id" integer PRIMARY KEY AUTOINCREMENT NOT NULL, "name" varchar, "phone_number" varchar, "created_at" datetime NOT NULL, "updated_at" datetime NOT NULL)[0m
  ↳ db/migrate/20190228111329_create_users.rb:3
  [1m[36mActiveRecord::SchemaMigration Create (0.1ms)[0m  [1m[32mINSERT INTO "schema_migrations" ("version") VALUES (?)[0m  [["version", "20190228111329"]]
  ↳ /home/krelly/.rvm/rubies/ruby-2.6.0/lib/ruby/gems/2.6.0/gems/rake-12.3.2/lib/rake/task.rb:273
  [1m[35m (7.4ms)[0m  [1m[36mcommit transaction[0m
  ↳ /home/krelly/.rvm/rubies/ruby-2.6.0/lib/ruby/gems/2.6.0/gems/rake-12.3.2/lib/rake/task.rb:273
Migrating to CreateReservations (20190228115027)
  [1m[35m (0.0ms)[0m  [1m[36mbegin transaction[0m
  ↳ /home/krelly/.rvm/rubies/ruby-2.6.0/lib/ruby/gems/2.6.0/gems/rake-12.3.2/lib/rake/task.rb:273
  [1m[35m (0.2ms)[0m  [1m[35mCREATE TABLE "reservations" ("id" integer PRIMARY KEY AUTOINCREMENT NOT NULL, "user_id" integer, "table_id" integer, "start" datetime, "end" datetime, "created_at" datetime NOT NULL, "updated_at" datetime NOT NULL, CONSTRAINT "fk_rails_48a92fce51"
FOREIGN KEY ("user_id")
  REFERENCES "users" ("id")
, CONSTRAINT "fk_rails_23ce71128d"
FOREIGN KEY ("table_id")
  REFERENCES "tables" ("id")
)[0m
  ↳ db/migrate/20190228115027_create_reservations.rb:3
  [1m[35m (0.1ms)[0m  [1m[35mCREATE  INDEX "index_reservations_on_user_id" ON "reservations" ("user_id")[0m
  ↳ db/migrate/20190228115027_create_reservations.rb:3
  [1m[35m (0.1ms)[0m  [1m[35mCREATE  INDEX "index_reservations_on_table_id" ON "reservations" ("table_id")[0m
  ↳ db/migrate/20190228115027_create_reservations.rb:3
  [1m[36mActiveRecord::SchemaMigration Create (0.1ms)[0m  [1m[32mINSERT INTO "schema_migrations" ("version") VALUES (?)[0m  [["version", "20190228115027"]]
  ↳ /home/krelly/.rvm/rubies/ruby-2.6.0/lib/ruby/gems/2.6.0/gems/rake-12.3.2/lib/rake/task.rb:273
  [1m[35m (13.0ms)[0m  [1m[36mcommit transaction[0m
  ↳ /home/krelly/.rvm/rubies/ruby-2.6.0/lib/ruby/gems/2.6.0/gems/rake-12.3.2/lib/rake/task.rb:273
Migrating to ChangeColumnNames (20190304204256)
  [1m[35m (0.0ms)[0m  [1m[36mbegin transaction[0m
  ↳ /home/krelly/.rvm/rubies/ruby-2.6.0/lib/ruby/gems/2.6.0/gems/rake-12.3.2/lib/rake/task.rb:273
  [1m[35m (0.1ms)[0m  [1m[35mCREATE TEMPORARY TABLE "areservations" ("id" integer NOT NULL PRIMARY KEY, "user_id" integer DEFAULT NULL, "table_id" integer DEFAULT NULL, "start_time" datetime DEFAULT NULL, "end" datetime DEFAULT NULL, "created_at" datetime NOT NULL, "updated_at" datetime NOT NULL)[0m
  ↳ db/migrate/20190304204256_change_column_names.rb:3
  [1m[35m (0.1ms)[0m  [1m[35mCREATE  INDEX "tindex_areservations_on_table_id" ON "areservations" ("table_id")[0m
  ↳ db/migrate/20190304204256_change_column_names.rb:3
  [1m[35m (0.1ms)[0m  [1m[35mCREATE  INDEX "tindex_areservations_on_user_id" ON "areservations" ("user_id")[0m
  ↳ db/migrate/20190304204256_change_column_names.rb:3
  [1m[35m (0.1ms)[0m  [1m[32mINSERT INTO "areservations" ("id","user_id","table_id","start_time","end","created_at","updated_at")
                     SELECT "id","user_id","table_id","start","end","created_at","updated_at" FROM "reservations"[0m
  ↳ db/migrate/20190304204256_change_column_names.rb:3
  [1m[35m (0.2ms)[0m  [1m[35mDROP TABLE "reservations"[0m
  ↳ db/migrate/20190304204256_change_column_names.rb:3
  [1m[35m (0.1ms)[0m  [1m[35mCREATE TABLE "reservations" ("id" integer NOT NULL PRIMARY KEY, "user_id" integer DEFAULT NULL, "table_id" integer DEFAULT NULL, "start_time" datetime DEFAULT NULL, "end" datetime DEFAULT NULL, "created_at" datetime NOT NULL, "updated_at" datetime NOT NULL)[0m
  ↳ db/migrate/20190304204256_change_column_names.rb:3
  [1m[35m (0.1ms)[0m  [1m[35mCREATE  INDEX "index_reservations_on_user_id" ON "reservations" ("user_id")[0m
  ↳ db/migrate/20190304204256_change_column_names.rb:3
  [1m[35m (0.1ms)[0m  [1m[35mCREATE  INDEX "index_reservations_on_table_id" ON "reservations" ("table_id")[0m
  ↳ db/migrate/20190304204256_change_column_names.rb:3
  [1m[35m (0.1ms)[0m  [1m[32mINSERT INTO "reservations" ("id","user_id","table_id","start_time","end","created_at","updated_at")
                     SELECT "id","user_id","table_id","start_time","end","created_at","updated_at" FROM "areservations"[0m
  ↳ db/migrate/20190304204256_change_column_names.rb:3
  [1m[35m (0.1ms)[0m  [1m[35mDROP TABLE "areservations"[0m
  ↳ db/migrate/20190304204256_change_column_names.rb:3
  [1m[35m (0.1ms)[0m  [1m[35mCREATE TEMPORARY TABLE "areservations" ("id" integer NOT NULL PRIMARY KEY, "user_id" integer DEFAULT NULL, "table_id" integer DEFAULT NULL, "start_time" datetime DEFAULT NULL, "end_time" datetime DEFAULT NULL, "created_at" datetime NOT NULL, "updated_at" datetime NOT NULL)[0m
  ↳ db/migrate/20190304204256_change_column_names.rb:4
  [1m[35m (0.1ms)[0m  [1m[35mCREATE  INDEX "tindex_areservations_on_table_id" ON "areservations" ("table_id")[0m
  ↳ db/migrate/20190304204256_change_column_names.rb:4
  [1m[35m (0.1ms)[0m  [1m[35mCREATE  INDEX "tindex_areservations_on_user_id" ON "areservations" ("user_id")[0m
  ↳ db/migrate/20190304204256_change_column_names.rb:4
  [1m[35m (0.1ms)[0m  [1m[32mINSERT INTO "areservations" ("id","user_id","table_id","start_time","end_time","created_at","updated_at")
                     SELECT "id","user_id","table_id","start_time","end","created_at","updated_at" FROM "reservations"[0m
  ↳ db/migrate/20190304204256_change_column_names.rb:4
  [1m[35m (0.1ms)[0m  [1m[35mDROP TABLE "reservations"[0m
  ↳ db/migrate/20190304204256_change_column_names.rb:4
  [1m[35m (0.1ms)[0m  [1m[35mCREATE TABLE "reservations" ("id" integer NOT NULL PRIMARY KEY, "user_id" integer DEFAULT NULL, "table_id" integer DEFAULT NULL, "start_time" datetime DEFAULT NULL, "end_time" datetime DEFAULT NULL, "created_at" datetime NOT NULL, "updated_at" datetime NOT NULL)[0m
  ↳ db/migrate/20190304204256_change_column_names.rb:4
  [1m[35m (0.1ms)[0m  [1m[35mCREATE  INDEX "index_reservations_on_user_id" ON "reservations" ("user_id")[0m
  ↳ db/migrate/20190304204256_change_column_names.rb:4
  [1m[35m (0.1ms)[0m  [1m[35mCREATE  INDEX "index_reservations_on_table_id" ON "reservations" ("table_id")[0m
  ↳ db/migrate/20190304204256_change_column_names.rb:4
  [1m[35m (0.1ms)[0m  [1m[32mINSERT INTO "reservations" ("id","user_id","table_id","start_time","end_time","created_at","updated_at")
                     SELECT "id","user_id","table_id","start_time","end_time","created_at","updated_at" FROM "areservations"[0m
  ↳ db/migrate/20190304204256_change_column_names.rb:4
  [1m[35m (0.1ms)[0m  [1m[35mDROP TABLE "areservations"[0m
  ↳ db/migrate/20190304204256_change_column_names.rb:4
  [1m[36mActiveRecord::SchemaMigration Create (0.1ms)[0m  [1m[32mINSERT INTO "schema_migrations" ("version") VALUES (?)[0m  [["version", "20190304204256"]]
  ↳ /home/krelly/.rvm/rubies/ruby-2.6.0/lib/ruby/gems/2.6.0/gems/rake-12.3.2/lib/rake/task.rb:273
  [1m[35m (11.7ms)[0m  [1m[36mcommit transaction[0m
  ↳ /home/krelly/.rvm/rubies/ruby-2.6.0/lib/ruby/gems/2.6.0/gems/rake-12.3.2/lib/rake/task.rb:273
  [1m[36mActiveRecord::InternalMetadata Load (0.1ms)[0m  [1m[34mSELECT  "ar_internal_metadata".* FROM "ar_internal_metadata" WHERE "ar_internal_metadata"."key" = ? LIMIT ?[0m  [["key", "environment"], ["LIMIT", 1]]
  ↳ /home/krelly/.rvm/rubies/ruby-2.6.0/lib/ruby/gems/2.6.0/gems/rake-12.3.2/lib/rake/task.rb:273
  [1m[35m (0.0ms)[0m  [1m[36mbegin transaction[0m
  ↳ /home/krelly/.rvm/rubies/ruby-2.6.0/lib/ruby/gems/2.6.0/gems/rake-12.3.2/lib/rake/task.rb:273
  [1m[36mActiveRecord::InternalMetadata Create (0.2ms)[0m  [1m[32mINSERT INTO "ar_internal_metadata" ("key", "value", "created_at", "updated_at") VALUES (?, ?, ?, ?)[0m  [["key", "environment"], ["value", "development"], ["created_at", "2019-03-04 20:44:20.558470"], ["updated_at", "2019-03-04 20:44:20.558470"]]
  ↳ /home/krelly/.rvm/rubies/ruby-2.6.0/lib/ruby/gems/2.6.0/gems/rake-12.3.2/lib/rake/task.rb:273
  [1m[35m (11.5ms)[0m  [1m[36mcommit transaction[0m
  ↳ /home/krelly/.rvm/rubies/ruby-2.6.0/lib/ruby/gems/2.6.0/gems/rake-12.3.2/lib/rake/task.rb:273
  [1m[35m (0.1ms)[0m  [1m[34mSELECT "schema_migrations"."version" FROM "schema_migrations" ORDER BY "schema_migrations"."version" ASC[0m
  ↳ /home/krelly/.rvm/rubies/ruby-2.6.0/lib/ruby/gems/2.6.0/gems/rake-12.3.2/lib/rake/task.rb:273
  [1m[36mUser Load (0.1ms)[0m  [1m[34mSELECT  "users".* FROM "users" ORDER BY "users"."id" DESC LIMIT ?[0m  [["LIMIT", 1]]
  [1m[36mTable Load (0.1ms)[0m  [1m[34mSELECT  "tables".* FROM "tables" ORDER BY "tables"."id" DESC LIMIT ?[0m  [["LIMIT", 1]]
  [1m[36mUser Load (0.2ms)[0m  [1m[34mSELECT  "users".* FROM "users" ORDER BY "users"."id" DESC LIMIT ?[0m  [["LIMIT", 1]]
  [1m[36mTable Load (0.1ms)[0m  [1m[34mSELECT  "tables".* FROM "tables" ORDER BY "tables"."id" DESC LIMIT ?[0m  [["LIMIT", 1]]
  [1m[35m (0.1ms)[0m  [1m[36mbegin transaction[0m
  [1m[35m (0.1ms)[0m  [1m[31mrollback transaction[0m
  [1m[35m (0.2ms)[0m  [1m[36mbegin transaction[0m
  [1m[36mUser Create (0.7ms)[0m  [1m[32mINSERT INTO "users" ("created_at", "updated_at") VALUES (?, ?)[0m  [["created_at", "2019-03-04 20:57:07.247662"], ["updated_at", "2019-03-04 20:57:07.247662"]]
  [1m[35m (9.8ms)[0m  [1m[36mcommit transaction[0m
  [1m[35m (0.1ms)[0m  [1m[36mbegin transaction[0m
  [1m[36mRestaurant Create (0.5ms)[0m  [1m[32mINSERT INTO "restaurants" ("name", "opens", "closes", "created_at", "updated_at") VALUES (?, ?, ?, ?, ?)[0m  [["name", "Noma"], ["opens", "2000-01-01 10:00:00"], ["closes", "2000-01-01 23:00:00"], ["created_at", "2019-03-04 20:57:57.672672"], ["updated_at", "2019-03-04 20:57:57.672672"]]
  [1m[35m (8.0ms)[0m  [1m[36mcommit transaction[0m
  [1m[36mRestaurant Load (0.4ms)[0m  [1m[34mSELECT  "restaurants".* FROM "restaurants" ORDER BY "restaurants"."id" DESC LIMIT ?[0m  [["LIMIT", 1]]
  [1m[36mRestaurant Load (0.2ms)[0m  [1m[34mSELECT  "restaurants".* FROM "restaurants" ORDER BY "restaurants"."id" DESC LIMIT ?[0m  [["LIMIT", 1]]
  [1m[35m (0.1ms)[0m  [1m[36mbegin transaction[0m
  [1m[36mTable Create (0.5ms)[0m  [1m[32mINSERT INTO "tables" ("seats", "number", "restaurant_id", "created_at", "updated_at") VALUES (?, ?, ?, ?, ?)[0m  [["seats", 1], ["number", 1], ["restaurant_id", 1], ["created_at", "2019-03-04 20:59:07.034158"], ["updated_at", "2019-03-04 20:59:07.034158"]]
  [1m[35m (9.2ms)[0m  [1m[36mcommit transaction[0m
  [1m[36mUser Load (0.2ms)[0m  [1m[34mSELECT  "users".* FROM "users" ORDER BY "users"."id" DESC LIMIT ?[0m  [["LIMIT", 1]]
  [1m[36mTable Load (0.1ms)[0m  [1m[34mSELECT  "tables".* FROM "tables" ORDER BY "tables"."id" DESC LIMIT ?[0m  [["LIMIT", 1]]
  [1m[36mUser Load (0.7ms)[0m  [1m[34mSELECT  "users".* FROM "users" ORDER BY "users"."id" DESC LIMIT ?[0m  [["LIMIT", 1]]
  [1m[36mTable Load (0.1ms)[0m  [1m[34mSELECT  "tables".* FROM "tables" ORDER BY "tables"."id" DESC LIMIT ?[0m  [["LIMIT", 1]]
  [1m[36mUser Load (0.2ms)[0m  [1m[34mSELECT  "users".* FROM "users" ORDER BY "users"."id" DESC LIMIT ?[0m  [["LIMIT", 1]]
  [1m[36mTable Load (0.1ms)[0m  [1m[34mSELECT  "tables".* FROM "tables" ORDER BY "tables"."id" DESC LIMIT ?[0m  [["LIMIT", 1]]
  [1m[35m (0.1ms)[0m  [1m[36mbegin transaction[0m
  [1m[36mRestaurant Load (0.2ms)[0m  [1m[34mSELECT  "restaurants".* FROM "restaurants" WHERE "restaurants"."id" = ? LIMIT ?[0m  [["id", 1], ["LIMIT", 1]]
  [1m[35m (0.1ms)[0m  [1m[31mrollback transaction[0m
  [1m[36mUser Load (0.1ms)[0m  [1m[34mSELECT  "users".* FROM "users" ORDER BY "users"."id" DESC LIMIT ?[0m  [["LIMIT", 1]]
  [1m[36mTable Load (0.1ms)[0m  [1m[34mSELECT  "tables".* FROM "tables" ORDER BY "tables"."id" DESC LIMIT ?[0m  [["LIMIT", 1]]
  [1m[35m (0.1ms)[0m  [1m[36mbegin transaction[0m
  [1m[36mRestaurant Load (0.1ms)[0m  [1m[34mSELECT  "restaurants".* FROM "restaurants" WHERE "restaurants"."id" = ? LIMIT ?[0m  [["id", 1], ["LIMIT", 1]]
  [1m[35m (0.1ms)[0m  [1m[31mrollback transaction[0m
  [1m[36mTable Load (0.2ms)[0m  [1m[34mSELECT  "tables".* FROM "tables" ORDER BY "tables"."id" DESC LIMIT ?[0m  [["LIMIT", 1]]
  [1m[36mUser Load (0.1ms)[0m  [1m[34mSELECT  "users".* FROM "users" ORDER BY "users"."id" DESC LIMIT ?[0m  [["LIMIT", 1]]
  [1m[36mTable Load (0.1ms)[0m  [1m[34mSELECT  "tables".* FROM "tables" ORDER BY "tables"."id" DESC LIMIT ?[0m  [["LIMIT", 1]]
  [1m[35m (0.0ms)[0m  [1m[36mbegin transaction[0m
  [1m[36mRestaurant Load (0.1ms)[0m  [1m[34mSELECT  "restaurants".* FROM "restaurants" WHERE "restaurants"."id" = ? LIMIT ?[0m  [["id", 1], ["LIMIT", 1]]
  [1m[35m (0.1ms)[0m  [1m[31mrollback transaction[0m
  [1m[36mUser Load (0.1ms)[0m  [1m[34mSELECT  "users".* FROM "users" ORDER BY "users"."id" DESC LIMIT ?[0m  [["LIMIT", 1]]
  [1m[36mTable Load (0.1ms)[0m  [1m[34mSELECT  "tables".* FROM "tables" ORDER BY "tables"."id" DESC LIMIT ?[0m  [["LIMIT", 1]]
  [1m[35m (0.0ms)[0m  [1m[36mbegin transaction[0m
  [1m[36mRestaurant Load (0.1ms)[0m  [1m[34mSELECT  "restaurants".* FROM "restaurants" WHERE "restaurants"."id" = ? LIMIT ?[0m  [["id", 1], ["LIMIT", 1]]
  [1m[35m (0.0ms)[0m  [1m[31mrollback transaction[0m
  [1m[36mUser Load (0.4ms)[0m  [1m[34mSELECT  "users".* FROM "users" ORDER BY "users"."id" DESC LIMIT ?[0m  [["LIMIT", 1]]
  [1m[36mTable Load (0.4ms)[0m  [1m[34mSELECT  "tables".* FROM "tables" ORDER BY "tables"."id" DESC LIMIT ?[0m  [["LIMIT", 1]]
  [1m[35m (0.2ms)[0m  [1m[36mbegin transaction[0m
  [1m[36mRestaurant Load (0.4ms)[0m  [1m[34mSELECT  "restaurants".* FROM "restaurants" WHERE "restaurants"."id" = ? LIMIT ?[0m  [["id", 1], ["LIMIT", 1]]
  [1m[35m (0.1ms)[0m  [1m[31mrollback transaction[0m
  [1m[36mUser Load (0.4ms)[0m  [1m[34mSELECT  "users".* FROM "users" ORDER BY "users"."id" DESC LIMIT ?[0m  [["LIMIT", 1]]
  [1m[36mTable Load (0.3ms)[0m  [1m[34mSELECT  "tables".* FROM "tables" ORDER BY "tables"."id" DESC LIMIT ?[0m  [["LIMIT", 1]]
  [1m[35m (0.2ms)[0m  [1m[36mbegin transaction[0m
  [1m[36mRestaurant Load (0.4ms)[0m  [1m[34mSELECT  "restaurants".* FROM "restaurants" WHERE "restaurants"."id" = ? LIMIT ?[0m  [["id", 1], ["LIMIT", 1]]
  [1m[36mReservation Exists (0.4ms)[0m  [1m[34mSELECT  1 AS one FROM "reservations" WHERE (table_id = 1 AND end_time > '2019-02-01 23:00:00' AND start_time < '2019-02-01 23:30:00') LIMIT ?[0m  [["LIMIT", 1]]
  [1m[35m (0.2ms)[0m  [1m[31mrollback transaction[0m
  [1m[36mUser Load (0.8ms)[0m  [1m[34mSELECT  "users".* FROM "users" ORDER BY "users"."id" DESC LIMIT ?[0m  [["LIMIT", 1]]
  [1m[36mTable Load (0.9ms)[0m  [1m[34mSELECT  "tables".* FROM "tables" ORDER BY "tables"."id" DESC LIMIT ?[0m  [["LIMIT", 1]]
  [1m[35m (0.4ms)[0m  [1m[36mbegin transaction[0m
  [1m[36mRestaurant Load (0.7ms)[0m  [1m[34mSELECT  "restaurants".* FROM "restaurants" WHERE "restaurants"."id" = ? LIMIT ?[0m  [["id", 1], ["LIMIT", 1]]
  [1m[36mReservation Exists (0.9ms)[0m  [1m[34mSELECT  1 AS one FROM "reservations" WHERE (table_id = 1 AND end_time > '2019-02-01 22:00:00' AND start_time < '2019-02-01 22:30:00') LIMIT ?[0m  [["LIMIT", 1]]
  [1m[36mReservation Create (1.4ms)[0m  [1m[32mINSERT INTO "reservations" ("user_id", "table_id", "start_time", "end_time", "created_at", "updated_at") VALUES (?, ?, ?, ?, ?, ?)[0m  [["user_id", 1], ["table_id", 1], ["start_time", "2019-02-01 22:00:00"], ["end_time", "2019-02-01 22:30:00"], ["created_at", "2019-03-04 21:06:19.450472"], ["updated_at", "2019-03-04 21:06:19.450472"]]
  [1m[35m (6.2ms)[0m  [1m[36mcommit transaction[0m
  [1m[36mUser Load (0.8ms)[0m  [1m[34mSELECT  "users".* FROM "users" ORDER BY "users"."id" DESC LIMIT ?[0m  [["LIMIT", 1]]
  [1m[36mTable Load (0.7ms)[0m  [1m[34mSELECT  "tables".* FROM "tables" ORDER BY "tables"."id" DESC LIMIT ?[0m  [["LIMIT", 1]]
  [1m[35m (0.4ms)[0m  [1m[36mbegin transaction[0m
  [1m[36mRestaurant Load (0.9ms)[0m  [1m[34mSELECT  "restaurants".* FROM "restaurants" WHERE "restaurants"."id" = ? LIMIT ?[0m  [["id", 1], ["LIMIT", 1]]
  [1m[35m (0.2ms)[0m  [1m[31mrollback transaction[0m
  [1m[36mUser Load (0.4ms)[0m  [1m[34mSELECT  "users".* FROM "users" ORDER BY "users"."id" DESC LIMIT ?[0m  [["LIMIT", 1]]
  [1m[36mTable Load (0.3ms)[0m  [1m[34mSELECT  "tables".* FROM "tables" ORDER BY "tables"."id" DESC LIMIT ?[0m  [["LIMIT", 1]]
  [1m[35m (0.2ms)[0m  [1m[36mbegin transaction[0m
  [1m[36mRestaurant Load (0.4ms)[0m  [1m[34mSELECT  "restaurants".* FROM "restaurants" WHERE "restaurants"."id" = ? LIMIT ?[0m  [["id", 1], ["LIMIT", 1]]
  [1m[36mReservation Exists (0.9ms)[0m  [1m[34mSELECT  1 AS one FROM "reservations" WHERE (table_id = 1 AND end_time > '2019-02-01 22:00:00' AND start_time < '2019-02-02 13:20:00') LIMIT ?[0m  [["LIMIT", 1]]
  [1m[35m (0.4ms)[0m  [1m[31mrollback transaction[0m
  [1m[36mUser Load (0.3ms)[0m  [1m[34mSELECT  "users".* FROM "users" ORDER BY "users"."id" DESC LIMIT ?[0m  [["LIMIT", 1]]
  [1m[36mTable Load (0.3ms)[0m  [1m[34mSELECT  "tables".* FROM "tables" ORDER BY "tables"."id" DESC LIMIT ?[0m  [["LIMIT", 1]]
  [1m[35m (0.2ms)[0m  [1m[36mbegin transaction[0m
  [1m[36mRestaurant Load (0.3ms)[0m  [1m[34mSELECT  "restaurants".* FROM "restaurants" WHERE "restaurants"."id" = ? LIMIT ?[0m  [["id", 1], ["LIMIT", 1]]
  [1m[36mReservation Exists (0.2ms)[0m  [1m[34mSELECT  1 AS one FROM "reservations" WHERE (table_id = 1 AND end_time > '2019-02-01 21:00:00' AND start_time < '2019-02-01 21:30:00') LIMIT ?[0m  [["LIMIT", 1]]
  [1m[35m (0.1ms)[0m  [1m[31mrollback transaction[0m
  [1m[36mUser Load (0.1ms)[0m  [1m[34mSELECT  "users".* FROM "users" ORDER BY "users"."id" DESC LIMIT ?[0m  [["LIMIT", 1]]
  [1m[36mTable Load (0.1ms)[0m  [1m[34mSELECT  "tables".* FROM "tables" ORDER BY "tables"."id" DESC LIMIT ?[0m  [["LIMIT", 1]]
  [1m[35m (0.1ms)[0m  [1m[36mbegin transaction[0m
  [1m[36mRestaurant Load (0.2ms)[0m  [1m[34mSELECT  "restaurants".* FROM "restaurants" WHERE "restaurants"."id" = ? LIMIT ?[0m  [["id", 1], ["LIMIT", 1]]
  [1m[36mReservation Exists (0.2ms)[0m  [1m[34mSELECT  1 AS one FROM "reservations" WHERE (table_id = 1 AND end_time > '2019-02-01 21:00:00' AND start_time < '2019-02-01 21:30:00') LIMIT ?[0m  [["LIMIT", 1]]
  [1m[36mReservation Create (0.8ms)[0m  [1m[32mINSERT INTO "reservations" ("user_id", "table_id", "start_time", "end_time", "created_at", "updated_at") VALUES (?, ?, ?, ?, ?, ?)[0m  [["user_id", 1], ["table_id", 1], ["start_time", "2019-02-01 21:00:00"], ["end_time", "2019-02-01 21:30:00"], ["created_at", "2019-03-04 21:16:23.876840"], ["updated_at", "2019-03-04 21:16:23.876840"]]
  [1m[35m (8.7ms)[0m  [1m[36mcommit transaction[0m
  [1m[36mUser Load (0.3ms)[0m  [1m[34mSELECT  "users".* FROM "users" ORDER BY "users"."id" DESC LIMIT ?[0m  [["LIMIT", 1]]
  [1m[36mTable Load (0.1ms)[0m  [1m[34mSELECT  "tables".* FROM "tables" ORDER BY "tables"."id" DESC LIMIT ?[0m  [["LIMIT", 1]]
  [1m[35m (0.1ms)[0m  [1m[36mbegin transaction[0m
  [1m[36mRestaurant Load (0.1ms)[0m  [1m[34mSELECT  "restaurants".* FROM "restaurants" WHERE "restaurants"."id" = ? LIMIT ?[0m  [["id", 1], ["LIMIT", 1]]
  [1m[36mReservation Exists (0.2ms)[0m  [1m[34mSELECT  1 AS one FROM "reservations" WHERE (table_id = 1 AND end_time > '2019-02-01 21:00:00' AND start_time < '2019-02-02 02:00:00') LIMIT ?[0m  [["LIMIT", 1]]
  [1m[35m (0.1ms)[0m  [1m[31mrollback transaction[0m
  [1m[36mUser Load (0.1ms)[0m  [1m[34mSELECT  "users".* FROM "users" ORDER BY "users"."id" DESC LIMIT ?[0m  [["LIMIT", 1]]
  [1m[36mTable Load (0.1ms)[0m  [1m[34mSELECT  "tables".* FROM "tables" ORDER BY "tables"."id" DESC LIMIT ?[0m  [["LIMIT", 1]]
  [1m[35m (0.0ms)[0m  [1m[36mbegin transaction[0m
  [1m[36mRestaurant Load (0.1ms)[0m  [1m[34mSELECT  "restaurants".* FROM "restaurants" WHERE "restaurants"."id" = ? LIMIT ?[0m  [["id", 1], ["LIMIT", 1]]
  [1m[36mReservation Exists (0.1ms)[0m  [1m[34mSELECT  1 AS one FROM "reservations" WHERE (table_id = 1 AND end_time > '2019-02-01 10:00:00' AND start_time < '2019-02-01 15:00:00') LIMIT ?[0m  [["LIMIT", 1]]
  [1m[36mReservation Create (0.3ms)[0m  [1m[32mINSERT INTO "reservations" ("user_id", "table_id", "start_time", "end_time", "created_at", "updated_at") VALUES (?, ?, ?, ?, ?, ?)[0m  [["user_id", 1], ["table_id", 1], ["start_time", "2019-02-01 10:00:00"], ["end_time", "2019-02-01 15:00:00"], ["created_at", "2019-03-04 21:16:35.870111"], ["updated_at", "2019-03-04 21:16:35.870111"]]
  [1m[35m (6.2ms)[0m  [1m[36mcommit transaction[0m
  [1m[36mUser Load (0.1ms)[0m  [1m[34mSELECT  "users".* FROM "users" ORDER BY "users"."id" DESC LIMIT ?[0m  [["LIMIT", 1]]
  [1m[36mTable Load (0.1ms)[0m  [1m[34mSELECT  "tables".* FROM "tables" ORDER BY "tables"."id" DESC LIMIT ?[0m  [["LIMIT", 1]]
  [1m[35m (0.1ms)[0m  [1m[36mbegin transaction[0m
  [1m[36mRestaurant Load (0.1ms)[0m  [1m[34mSELECT  "restaurants".* FROM "restaurants" WHERE "restaurants"."id" = ? LIMIT ?[0m  [["id", 1], ["LIMIT", 1]]
  [1m[35m (0.1ms)[0m  [1m[31mrollback transaction[0m
  [1m[36mUser Load (0.2ms)[0m  [1m[34mSELECT  "users".* FROM "users" ORDER BY "users"."id" DESC LIMIT ?[0m  [["LIMIT", 1]]
  [1m[36mTable Load (0.1ms)[0m  [1m[34mSELECT  "tables".* FROM "tables" ORDER BY "tables"."id" DESC LIMIT ?[0m  [["LIMIT", 1]]
  [1m[35m (0.1ms)[0m  [1m[36mbegin transaction[0m
  [1m[36mRestaurant Load (0.2ms)[0m  [1m[34mSELECT  "restaurants".* FROM "restaurants" WHERE "restaurants"."id" = ? LIMIT ?[0m  [["id", 1], ["LIMIT", 1]]
  [1m[35m (0.1ms)[0m  [1m[31mrollback transaction[0m
  [1m[36mUser Load (0.1ms)[0m  [1m[34mSELECT  "users".* FROM "users" ORDER BY "users"."id" DESC LIMIT ?[0m  [["LIMIT", 1]]
  [1m[36mTable Load (0.1ms)[0m  [1m[34mSELECT  "tables".* FROM "tables" ORDER BY "tables"."id" DESC LIMIT ?[0m  [["LIMIT", 1]]
  [1m[36mUser Load (0.1ms)[0m  [1m[34mSELECT  "users".* FROM "users" ORDER BY "users"."id" DESC LIMIT ?[0m  [["LIMIT", 1]]
  [1m[36mTable Load (0.1ms)[0m  [1m[34mSELECT  "tables".* FROM "tables" ORDER BY "tables"."id" DESC LIMIT ?[0m  [["LIMIT", 1]]
  [1m[36mUser Load (0.1ms)[0m  [1m[34mSELECT  "users".* FROM "users" ORDER BY "users"."id" DESC LIMIT ?[0m  [["LIMIT", 1]]
  [1m[36mTable Load (0.1ms)[0m  [1m[34mSELECT  "tables".* FROM "tables" ORDER BY "tables"."id" DESC LIMIT ?[0m  [["LIMIT", 1]]
  [1m[36mUser Load (0.2ms)[0m  [1m[34mSELECT  "users".* FROM "users" ORDER BY "users"."id" DESC LIMIT ?[0m  [["LIMIT", 1]]
  [1m[36mTable Load (0.1ms)[0m  [1m[34mSELECT  "tables".* FROM "tables" ORDER BY "tables"."id" DESC LIMIT ?[0m  [["LIMIT", 1]]
  [1m[36mUser Load (0.2ms)[0m  [1m[34mSELECT  "users".* FROM "users" ORDER BY "users"."id" DESC LIMIT ?[0m  [["LIMIT", 1]]
  [1m[36mTable Load (0.1ms)[0m  [1m[34mSELECT  "tables".* FROM "tables" ORDER BY "tables"."id" DESC LIMIT ?[0m  [["LIMIT", 1]]
  [1m[35m (0.1ms)[0m  [1m[36mbegin transaction[0m
  [1m[36mRestaurant Load (0.2ms)[0m  [1m[34mSELECT  "restaurants".* FROM "restaurants" WHERE "restaurants"."id" = ? LIMIT ?[0m  [["id", 1], ["LIMIT", 1]]
  [1m[36mReservation Exists (0.3ms)[0m  [1m[34mSELECT  1 AS one FROM "reservations" WHERE (table_id = 1 AND end_time > '2019-01-01 10:00:00' AND start_time < '2019-01-01 10:30:00') LIMIT ?[0m  [["LIMIT", 1]]
  [1m[36mReservation Create (0.6ms)[0m  [1m[32mINSERT INTO "reservations" ("user_id", "table_id", "start_time", "end_time", "created_at", "updated_at") VALUES (?, ?, ?, ?, ?, ?)[0m  [["user_id", 1], ["table_id", 1], ["start_time", "2019-01-01 10:00:00"], ["end_time", "2019-01-01 10:30:00"], ["created_at", "2019-03-04 21:19:29.034476"], ["updated_at", "2019-03-04 21:19:29.034476"]]
  [1m[35m (8.2ms)[0m  [1m[36mcommit transaction[0m
